ERROR - 2023-11-03 15:26:32 --> mysqli_sql_exception: Not unique table/alias: 'users' in /Users/winson.heng/server-php/system/Database/MySQLi/Connection.php:295
Stack trace:
#0 /Users/winson.heng/server-php/system/Database/MySQLi/Connection.php(295): mysqli->query('SELECT * FROM (...', 0)
#1 /Users/winson.heng/server-php/system/Database/BaseConnection.php(692): CodeIgniter\Database\MySQLi\Connection->execute('SELECT * FROM (...')
#2 /Users/winson.heng/server-php/system/Database/BaseConnection.php(606): CodeIgniter\Database\BaseConnection->simpleQuery('SELECT * FROM (...')
#3 /Users/winson.heng/server-php/app/Models/Api/PostModel.php(131): CodeIgniter\Database\BaseConnection->query('SELECT * FROM (...')
#4 /Users/winson.heng/server-php/app/Controllers/Api/Post.php(221): App\Models\Api\PostModel->getPostsByStyles('0', '50', Array, 0)
#5 /Users/winson.heng/server-php/system/CodeIgniter.php(932): App\Controllers\Api\Post->getPost()
#6 /Users/winson.heng/server-php/system/CodeIgniter.php(497): CodeIgniter\CodeIgniter->runController(Object(App\Controllers\Api\Post))
#7 /Users/winson.heng/server-php/system/CodeIgniter.php(366): CodeIgniter\CodeIgniter->handleRequest(NULL, Object(Config\Cache), false)
#8 /Users/winson.heng/server-php/public/index.php(67): CodeIgniter\CodeIgniter->run()
#9 /Users/winson.heng/server-php/system/Commands/Server/rewrite.php(47): require_once('/Users/winson.h...')
#10 {main}
CRITICAL - 2023-11-03 15:26:32 --> Not unique table/alias: 'users'
in SYSTEMPATH/Database/MySQLi/Connection.php on line 295.
 1 SYSTEMPATH/Database/MySQLi/Connection.php(295): mysqli->query('SELECT * FROM (SELECT * FROM (SELECT `posts`.* FROM `posts` JOIN `users` ON `users`.`id` = `posts`.`added_by` JOIN users
                on `users.id` = `posts.added_by` LEFT JOIN blocked_users ON `posts`.`added_by` = `blocked_users`.`user_id` WHERE `posts`.`deleted` = 0 AND `blocked_users`.`user_id` IS NULL AND `users.pronouns` != \'He\' (users.styles LIKE \'%Basic%\') ORDER BY likes DESC) a UNION SELECT * FROM (SELECT posts.* FROM posts JOIN users
                on users.id = posts.added_by LEFT JOIN blocked_users ON posts.added_by = blocked_users.user_id WHERE blocked_users.user_id IS NULL AND deleted = 0 AND users.pronouns != \'He\' ORDER BY likes DESC) b) c LIMIT 0, 50', 0)
 2 SYSTEMPATH/Database/BaseConnection.php(692): CodeIgniter\Database\MySQLi\Connection->execute('SELECT * FROM (SELECT * FROM (SELECT `posts`.* FROM `posts` JOIN `users` ON `users`.`id` = `posts`.`added_by` JOIN users
                on `users.id` = `posts.added_by` LEFT JOIN blocked_users ON `posts`.`added_by` = `blocked_users`.`user_id` WHERE `posts`.`deleted` = 0 AND `blocked_users`.`user_id` IS NULL AND `users.pronouns` != \'He\' (users.styles LIKE \'%Basic%\') ORDER BY likes DESC) a UNION SELECT * FROM (SELECT posts.* FROM posts JOIN users
                on users.id = posts.added_by LEFT JOIN blocked_users ON posts.added_by = blocked_users.user_id WHERE blocked_users.user_id IS NULL AND deleted = 0 AND users.pronouns != \'He\' ORDER BY likes DESC) b) c LIMIT 0, 50')
 3 SYSTEMPATH/Database/BaseConnection.php(606): CodeIgniter\Database\BaseConnection->simpleQuery('SELECT * FROM (SELECT * FROM (SELECT `posts`.* FROM `posts` JOIN `users` ON `users`.`id` = `posts`.`added_by` JOIN users
                on `users.id` = `posts.added_by` LEFT JOIN blocked_users ON `posts`.`added_by` = `blocked_users`.`user_id` WHERE `posts`.`deleted` = 0 AND `blocked_users`.`user_id` IS NULL AND `users.pronouns` != \'He\' (users.styles LIKE \'%Basic%\') ORDER BY likes DESC) a UNION SELECT * FROM (SELECT posts.* FROM posts JOIN users
                on users.id = posts.added_by LEFT JOIN blocked_users ON posts.added_by = blocked_users.user_id WHERE blocked_users.user_id IS NULL AND deleted = 0 AND users.pronouns != \'He\' ORDER BY likes DESC) b) c LIMIT 0, 50')
 4 APPPATH/Models/Api/PostModel.php(131): CodeIgniter\Database\BaseConnection->query('SELECT * FROM (SELECT * FROM (SELECT `posts`.* FROM `posts` JOIN `users` ON `users`.`id` = `posts`.`added_by` JOIN users
                on `users.id` = `posts.added_by` LEFT JOIN blocked_users ON `posts`.`added_by` = `blocked_users`.`user_id` WHERE `posts`.`deleted` = 0 AND `blocked_users`.`user_id` IS NULL AND `users.pronouns` != \'He\' (users.styles LIKE \'%Basic%\') ORDER BY likes DESC) a UNION SELECT * FROM (SELECT posts.* FROM posts JOIN users
                on users.id = posts.added_by LEFT JOIN blocked_users ON posts.added_by = blocked_users.user_id WHERE blocked_users.user_id IS NULL AND deleted = 0 AND users.pronouns != \'He\' ORDER BY likes DESC) b) c LIMIT 0, 50')
 5 APPPATH/Controllers/Api/Post.php(221): App\Models\Api\PostModel->getPostsByStyles('0', '50', [...], 0)
 6 SYSTEMPATH/CodeIgniter.php(932): App\Controllers\Api\Post->getPost()
 7 SYSTEMPATH/CodeIgniter.php(497): CodeIgniter\CodeIgniter->runController(Object(App\Controllers\Api\Post))
 8 SYSTEMPATH/CodeIgniter.php(366): CodeIgniter\CodeIgniter->handleRequest(null, Object(Config\Cache), false)
 9 FCPATH/index.php(67): CodeIgniter\CodeIgniter->run()
10 SYSTEMPATH/Commands/Server/rewrite.php(47): require_once('/Users/winson.heng/server-php/public/index.php')
ERROR - 2023-11-03 15:29:28 --> mysqli_sql_exception: You have an error in your SQL syntax; check the manual that corresponds to your MySQL server version for the right syntax to use near '(users.styles LIKE '%Basic%') ORDER BY likes DESC) a UNION SELECT * FROM (SELECT' at line 1 in /Users/winson.heng/server-php/system/Database/MySQLi/Connection.php:295
Stack trace:
#0 /Users/winson.heng/server-php/system/Database/MySQLi/Connection.php(295): mysqli->query('SELECT * FROM (...', 0)
#1 /Users/winson.heng/server-php/system/Database/BaseConnection.php(692): CodeIgniter\Database\MySQLi\Connection->execute('SELECT * FROM (...')
#2 /Users/winson.heng/server-php/system/Database/BaseConnection.php(606): CodeIgniter\Database\BaseConnection->simpleQuery('SELECT * FROM (...')
#3 /Users/winson.heng/server-php/app/Models/Api/PostModel.php(130): CodeIgniter\Database\BaseConnection->query('SELECT * FROM (...')
#4 /Users/winson.heng/server-php/app/Controllers/Api/Post.php(221): App\Models\Api\PostModel->getPostsByStyles('0', '50', Array, 0)
#5 /Users/winson.heng/server-php/system/CodeIgniter.php(932): App\Controllers\Api\Post->getPost()
#6 /Users/winson.heng/server-php/system/CodeIgniter.php(497): CodeIgniter\CodeIgniter->runController(Object(App\Controllers\Api\Post))
#7 /Users/winson.heng/server-php/system/CodeIgniter.php(366): CodeIgniter\CodeIgniter->handleRequest(NULL, Object(Config\Cache), false)
#8 /Users/winson.heng/server-php/public/index.php(67): CodeIgniter\CodeIgniter->run()
#9 /Users/winson.heng/server-php/system/Commands/Server/rewrite.php(47): require_once('/Users/winson.h...')
#10 {main}
CRITICAL - 2023-11-03 15:29:28 --> You have an error in your SQL syntax; check the manual that corresponds to your MySQL server version for the right syntax to use near '(users.styles LIKE '%Basic%') ORDER BY likes DESC) a UNION SELECT * FROM (SELECT' at line 1
in SYSTEMPATH/Database/MySQLi/Connection.php on line 295.
 1 SYSTEMPATH/Database/MySQLi/Connection.php(295): mysqli->query('SELECT * FROM (SELECT * FROM (SELECT `posts`.* FROM `posts` JOIN `users` ON `users`.`id` = `posts`.`added_by` LEFT JOIN blocked_users ON `posts`.`added_by` = `blocked_users`.`user_id` WHERE `posts`.`deleted` = 0 AND `blocked_users`.`user_id` IS NULL AND `users.pronouns` != \'He\' (users.styles LIKE \'%Basic%\') ORDER BY likes DESC) a UNION SELECT * FROM (SELECT posts.* FROM posts JOIN users
                on users.id = posts.added_by LEFT JOIN blocked_users ON posts.added_by = blocked_users.user_id WHERE blocked_users.user_id IS NULL AND deleted = 0 AND users.pronouns != \'He\' ORDER BY likes DESC) b) c LIMIT 0, 50', 0)
 2 SYSTEMPATH/Database/BaseConnection.php(692): CodeIgniter\Database\MySQLi\Connection->execute('SELECT * FROM (SELECT * FROM (SELECT `posts`.* FROM `posts` JOIN `users` ON `users`.`id` = `posts`.`added_by` LEFT JOIN blocked_users ON `posts`.`added_by` = `blocked_users`.`user_id` WHERE `posts`.`deleted` = 0 AND `blocked_users`.`user_id` IS NULL AND `users.pronouns` != \'He\' (users.styles LIKE \'%Basic%\') ORDER BY likes DESC) a UNION SELECT * FROM (SELECT posts.* FROM posts JOIN users
                on users.id = posts.added_by LEFT JOIN blocked_users ON posts.added_by = blocked_users.user_id WHERE blocked_users.user_id IS NULL AND deleted = 0 AND users.pronouns != \'He\' ORDER BY likes DESC) b) c LIMIT 0, 50')
 3 SYSTEMPATH/Database/BaseConnection.php(606): CodeIgniter\Database\BaseConnection->simpleQuery('SELECT * FROM (SELECT * FROM (SELECT `posts`.* FROM `posts` JOIN `users` ON `users`.`id` = `posts`.`added_by` LEFT JOIN blocked_users ON `posts`.`added_by` = `blocked_users`.`user_id` WHERE `posts`.`deleted` = 0 AND `blocked_users`.`user_id` IS NULL AND `users.pronouns` != \'He\' (users.styles LIKE \'%Basic%\') ORDER BY likes DESC) a UNION SELECT * FROM (SELECT posts.* FROM posts JOIN users
                on users.id = posts.added_by LEFT JOIN blocked_users ON posts.added_by = blocked_users.user_id WHERE blocked_users.user_id IS NULL AND deleted = 0 AND users.pronouns != \'He\' ORDER BY likes DESC) b) c LIMIT 0, 50')
 4 APPPATH/Models/Api/PostModel.php(130): CodeIgniter\Database\BaseConnection->query('SELECT * FROM (SELECT * FROM (SELECT `posts`.* FROM `posts` JOIN `users` ON `users`.`id` = `posts`.`added_by` LEFT JOIN blocked_users ON `posts`.`added_by` = `blocked_users`.`user_id` WHERE `posts`.`deleted` = 0 AND `blocked_users`.`user_id` IS NULL AND `users.pronouns` != \'He\' (users.styles LIKE \'%Basic%\') ORDER BY likes DESC) a UNION SELECT * FROM (SELECT posts.* FROM posts JOIN users
                on users.id = posts.added_by LEFT JOIN blocked_users ON posts.added_by = blocked_users.user_id WHERE blocked_users.user_id IS NULL AND deleted = 0 AND users.pronouns != \'He\' ORDER BY likes DESC) b) c LIMIT 0, 50')
 5 APPPATH/Controllers/Api/Post.php(221): App\Models\Api\PostModel->getPostsByStyles('0', '50', [...], 0)
 6 SYSTEMPATH/CodeIgniter.php(932): App\Controllers\Api\Post->getPost()
 7 SYSTEMPATH/CodeIgniter.php(497): CodeIgniter\CodeIgniter->runController(Object(App\Controllers\Api\Post))
 8 SYSTEMPATH/CodeIgniter.php(366): CodeIgniter\CodeIgniter->handleRequest(null, Object(Config\Cache), false)
 9 FCPATH/index.php(67): CodeIgniter\CodeIgniter->run()
10 SYSTEMPATH/Commands/Server/rewrite.php(47): require_once('/Users/winson.heng/server-php/public/index.php')
ERROR - 2023-11-03 15:32:05 --> mysqli_sql_exception: You have an error in your SQL syntax; check the manual that corresponds to your MySQL server version for the right syntax to use near '(users.styles LIKE '%Basic%') ORDER BY likes DESC) a UNION SELECT * FROM (SELECT' at line 1 in /Users/winson.heng/server-php/system/Database/MySQLi/Connection.php:295
Stack trace:
#0 /Users/winson.heng/server-php/system/Database/MySQLi/Connection.php(295): mysqli->query('SELECT * FROM (...', 0)
#1 /Users/winson.heng/server-php/system/Database/BaseConnection.php(692): CodeIgniter\Database\MySQLi\Connection->execute('SELECT * FROM (...')
#2 /Users/winson.heng/server-php/system/Database/BaseConnection.php(606): CodeIgniter\Database\BaseConnection->simpleQuery('SELECT * FROM (...')
#3 /Users/winson.heng/server-php/app/Models/Api/PostModel.php(130): CodeIgniter\Database\BaseConnection->query('SELECT * FROM (...')
#4 /Users/winson.heng/server-php/app/Controllers/Api/Post.php(221): App\Models\Api\PostModel->getPostsByStyles('0', '50', Array, 0)
#5 /Users/winson.heng/server-php/system/CodeIgniter.php(932): App\Controllers\Api\Post->getPost()
#6 /Users/winson.heng/server-php/system/CodeIgniter.php(497): CodeIgniter\CodeIgniter->runController(Object(App\Controllers\Api\Post))
#7 /Users/winson.heng/server-php/system/CodeIgniter.php(366): CodeIgniter\CodeIgniter->handleRequest(NULL, Object(Config\Cache), false)
#8 /Users/winson.heng/server-php/public/index.php(67): CodeIgniter\CodeIgniter->run()
#9 /Users/winson.heng/server-php/system/Commands/Server/rewrite.php(47): require_once('/Users/winson.h...')
#10 {main}
CRITICAL - 2023-11-03 15:32:05 --> You have an error in your SQL syntax; check the manual that corresponds to your MySQL server version for the right syntax to use near '(users.styles LIKE '%Basic%') ORDER BY likes DESC) a UNION SELECT * FROM (SELECT' at line 1
in SYSTEMPATH/Database/MySQLi/Connection.php on line 295.
 1 SYSTEMPATH/Database/MySQLi/Connection.php(295): mysqli->query('SELECT * FROM (SELECT * FROM (SELECT `posts`.* FROM `posts` JOIN `users` ON `users`.`id` = `posts`.`added_by` LEFT JOIN blocked_users ON `posts`.`added_by` = `blocked_users`.`user_id` WHERE `posts`.`deleted` = 0 AND `blocked_users`.`user_id` IS NULL AND `users`.`pronouns` != \'He\' (users.styles LIKE \'%Basic%\') ORDER BY likes DESC) a UNION SELECT * FROM (SELECT posts.* FROM posts JOIN users
                on `users`.`id` = `posts`.`added_by` LEFT JOIN blocked_users ON posts.added_by = blocked_users.user_id WHERE blocked_users.user_id IS NULL AND deleted = 0 AND users.pronouns != \'He\' ORDER BY likes DESC) b) c LIMIT 0, 50', 0)
 2 SYSTEMPATH/Database/BaseConnection.php(692): CodeIgniter\Database\MySQLi\Connection->execute('SELECT * FROM (SELECT * FROM (SELECT `posts`.* FROM `posts` JOIN `users` ON `users`.`id` = `posts`.`added_by` LEFT JOIN blocked_users ON `posts`.`added_by` = `blocked_users`.`user_id` WHERE `posts`.`deleted` = 0 AND `blocked_users`.`user_id` IS NULL AND `users`.`pronouns` != \'He\' (users.styles LIKE \'%Basic%\') ORDER BY likes DESC) a UNION SELECT * FROM (SELECT posts.* FROM posts JOIN users
                on `users`.`id` = `posts`.`added_by` LEFT JOIN blocked_users ON posts.added_by = blocked_users.user_id WHERE blocked_users.user_id IS NULL AND deleted = 0 AND users.pronouns != \'He\' ORDER BY likes DESC) b) c LIMIT 0, 50')
 3 SYSTEMPATH/Database/BaseConnection.php(606): CodeIgniter\Database\BaseConnection->simpleQuery('SELECT * FROM (SELECT * FROM (SELECT `posts`.* FROM `posts` JOIN `users` ON `users`.`id` = `posts`.`added_by` LEFT JOIN blocked_users ON `posts`.`added_by` = `blocked_users`.`user_id` WHERE `posts`.`deleted` = 0 AND `blocked_users`.`user_id` IS NULL AND `users`.`pronouns` != \'He\' (users.styles LIKE \'%Basic%\') ORDER BY likes DESC) a UNION SELECT * FROM (SELECT posts.* FROM posts JOIN users
                on `users`.`id` = `posts`.`added_by` LEFT JOIN blocked_users ON posts.added_by = blocked_users.user_id WHERE blocked_users.user_id IS NULL AND deleted = 0 AND users.pronouns != \'He\' ORDER BY likes DESC) b) c LIMIT 0, 50')
 4 APPPATH/Models/Api/PostModel.php(130): CodeIgniter\Database\BaseConnection->query('SELECT * FROM (SELECT * FROM (SELECT `posts`.* FROM `posts` JOIN `users` ON `users`.`id` = `posts`.`added_by` LEFT JOIN blocked_users ON `posts`.`added_by` = `blocked_users`.`user_id` WHERE `posts`.`deleted` = 0 AND `blocked_users`.`user_id` IS NULL AND `users`.`pronouns` != \'He\' (users.styles LIKE \'%Basic%\') ORDER BY likes DESC) a UNION SELECT * FROM (SELECT posts.* FROM posts JOIN users
                on `users`.`id` = `posts`.`added_by` LEFT JOIN blocked_users ON posts.added_by = blocked_users.user_id WHERE blocked_users.user_id IS NULL AND deleted = 0 AND users.pronouns != \'He\' ORDER BY likes DESC) b) c LIMIT 0, 50')
 5 APPPATH/Controllers/Api/Post.php(221): App\Models\Api\PostModel->getPostsByStyles('0', '50', [...], 0)
 6 SYSTEMPATH/CodeIgniter.php(932): App\Controllers\Api\Post->getPost()
 7 SYSTEMPATH/CodeIgniter.php(497): CodeIgniter\CodeIgniter->runController(Object(App\Controllers\Api\Post))
 8 SYSTEMPATH/CodeIgniter.php(366): CodeIgniter\CodeIgniter->handleRequest(null, Object(Config\Cache), false)
 9 FCPATH/index.php(67): CodeIgniter\CodeIgniter->run()
10 SYSTEMPATH/Commands/Server/rewrite.php(47): require_once('/Users/winson.heng/server-php/public/index.php')
