ERROR - 2023-11-04 17:24:15 --> mysqli_sql_exception: Column 'id' in order clause is ambiguous in /Users/winson.heng/server-php/system/Database/MySQLi/Connection.php:295
Stack trace:
#0 /Users/winson.heng/server-php/system/Database/MySQLi/Connection.php(295): mysqli->query('\n    SELECT * F...', 0)
#1 /Users/winson.heng/server-php/system/Database/BaseConnection.php(692): CodeIgniter\Database\MySQLi\Connection->execute('\n    SELECT * F...')
#2 /Users/winson.heng/server-php/system/Database/BaseConnection.php(606): CodeIgniter\Database\BaseConnection->simpleQuery('\n    SELECT * F...')
#3 /Users/winson.heng/server-php/app/Models/Api/PostModel.php(283): CodeIgniter\Database\BaseConnection->query('\n    SELECT * F...')
#4 /Users/winson.heng/server-php/app/Controllers/Api/Post.php(522): App\Models\Api\PostModel->searchPosts('Athleisure', '6')
#5 /Users/winson.heng/server-php/system/CodeIgniter.php(932): App\Controllers\Api\Post->search()
#6 /Users/winson.heng/server-php/system/CodeIgniter.php(497): CodeIgniter\CodeIgniter->runController(Object(App\Controllers\Api\Post))
#7 /Users/winson.heng/server-php/system/CodeIgniter.php(366): CodeIgniter\CodeIgniter->handleRequest(NULL, Object(Config\Cache), false)
#8 /Users/winson.heng/server-php/public/index.php(67): CodeIgniter\CodeIgniter->run()
#9 /Users/winson.heng/server-php/system/Commands/Server/rewrite.php(47): require_once('/Users/winson.h...')
#10 {main}
CRITICAL - 2023-11-04 17:24:15 --> Column 'id' in order clause is ambiguous
in SYSTEMPATH/Database/MySQLi/Connection.php on line 295.
 1 SYSTEMPATH/Database/MySQLi/Connection.php(295): mysqli->query('
    SELECT * FROM posts
 JOIN users
    on users.id = posts.added_by
    WHERE posts.id IN (
        SELECT id
        FROM posts
        WHERE added_by != \'6\'
        AND deleted = 0
        AND (
            UPPER(caption) LIKE UPPER(\'%Athleisure%\')
            OR UPPER(hashtag) LIKE UPPER(\'%Athleisure%\')
            OR UPPER(caption) LIKE UPPER(\'%ATHLETIC%\') OR UPPER(caption) LIKE UPPER(\'%ADIDAS%\') OR UPPER(caption) LIKE UPPER(\'%COMFORT%\') OR UPPER(caption) LIKE UPPER(\'%NIKE%\') OR UPPER(caption) LIKE UPPER(\'%ACTIVE%\') OR UPPER(caption) LIKE UPPER(\'%LULULEMON%\') OR UPPER(caption) LIKE UPPER(\'%SPORTY%\') OR UPPER(caption) LIKE UPPER(\'%PUMA%\') OR UPPER(caption) LIKE UPPER(\'%RELAXED%\') OR UPPER(caption) LIKE UPPER(\'%UNDER ARMOUR%\') OR UPPER(caption) LIKE UPPER(\'%PERFORMANCE%\') OR UPPER(caption) LIKE UPPER(\'%REEBOK%\') OR UPPER(caption) LIKE UPPER(\'%YOGA%\') OR UPPER(caption) LIKE UPPER(\'%NEW BALANCE%\') OR UPPER(caption) LIKE UPPER(\'%GYM%\') OR UPPER(caption) LIKE UPPER(\'%FABLETICS%\') OR UPPER(caption) LIKE UPPER(\'%WORKOUT%\') OR UPPER(caption) LIKE UPPER(\'%GYMSHARK%\') OR UPPER(caption) LIKE UPPER(\'%CASUAL%\') OR UPPER(caption) LIKE UPPER(\'%ASICS%\') OR UPPER(caption) LIKE UPPER(\'%FUNCTIONAL%\') OR UPPER(caption) LIKE UPPER(\'%OUTDOOR VOICES%\') OR UPPER(caption) LIKE UPPER(\'%LOUNGE%\') OR UPPER(caption) LIKE UPPER(\'%ALO YOGA%\') OR UPPER(caption) LIKE UPPER(\'%STRETCHY%\') OR UPPER(caption) LIKE UPPER(\'%CHAMPION%\') OR UPPER(caption) LIKE UPPER(\'%SWEATPANTS%\') OR UPPER(caption) LIKE UPPER(\'%ATHLETA%\') OR UPPER(caption) LIKE UPPER(\'%LEGGINGS%\') OR UPPER(caption) LIKE UPPER(\'%SWEATY BETTY%\') OR UPPER(caption) LIKE UPPER(\'%HOODIES%\') OR UPPER(caption) LIKE UPPER(\'%RHONE%\') OR UPPER(caption) LIKE UPPER(\'%ACTIVEWEAR%\') OR UPPER(caption) LIKE UPPER(\'%VUORI%\') OR UPPER(caption) LIKE UPPER(\'%SNEAKERS%\') OR UPPER(caption) LIKE UPPER(\'%BEYOND YOGA%\') OR UPPER(caption) LIKE UPPER(\'%ATHLETIC SHOES%\') OR UPPER(caption) LIKE UPPER(\'%2XU%\') OR UPPER(caption) LIKE UPPER(\'%FITNESS%\') OR UPPER(caption) LIKE UPPER(\'%CARBON38%\') OR UPPER(caption) LIKE UPPER(\'%COZY%\') OR UPPER(caption) LIKE UPPER(\'%STREETWEAR%\') OR UPPER(caption) LIKE UPPER(\'%BREATHABLE%\') OR UPPER(caption) LIKE UPPER(\'%FLEXIBLE%\') OR UPPER(caption) LIKE UPPER(\'%DURABLE%\') OR UPPER(caption) LIKE UPPER(\'%SPORTSWEAR%\') OR UPPER(caption) LIKE UPPER(\'%COMFY%\') OR UPPER(caption) LIKE UPPER(\'%VERSATILE%\') OR UPPER(caption) LIKE UPPER(\'%RUNNING%\') OR UPPER(caption) LIKE UPPER(\'%TRENDY%\') OR UPPER(caption) LIKE UPPER(\'%URBAN%\') OR UPPER(caption) LIKE UPPER(\'%CHIC%\') OR UPPER(caption) LIKE UPPER(\'%CASUALWEAR%\') OR UPPER(caption) LIKE UPPER(\'%COMFORTABLE%\') OR UPPER(caption) LIKE UPPER(\'%EFFORTLESS%\') OR UPPER(caption) LIKE UPPER(\'%ELASTIC%\') OR UPPER(caption) LIKE UPPER(\'%ZIPPERS%\') OR UPPER(caption) LIKE UPPER(\'%JOGGERS%\') OR UPPER(caption) LIKE UPPER(\'%HIKING%\') OR UPPER(caption) LIKE UPPER(\'%RUNNING SHOES%\') OR UPPER(caption) LIKE UPPER(\'%MOISTURE-WICKING%\') OR UPPER(caption) LIKE UPPER(\'%COTTON%\') OR UPPER(caption) LIKE UPPER(\'%POLYESTER%\') OR UPPER(caption) LIKE UPPER(\'%LULULEMON%\') OR UPPER(caption) LIKE UPPER(\'%NIKE%\') OR UPPER(caption) LIKE UPPER(\'%ADIDAS%\') OR UPPER(caption) LIKE UPPER(\'%PUMA%\') OR UPPER(caption) LIKE UPPER(\'%UNDER ARMOUR%\') OR UPPER(caption) LIKE UPPER(\'%REEBOK%\') OR UPPER(caption) LIKE UPPER(\'%BALANCE%\') OR UPPER(caption) LIKE UPPER(\'%CROSSFIT%\') OR UPPER(caption) LIKE UPPER(\'%PILATES%\') OR UPPER(caption) LIKE UPPER(\'%ZUMBA%\') OR UPPER(caption) LIKE UPPER(\'%BODYBUILDING%\') OR UPPER(caption) LIKE UPPER(\'%SPANDEX%\') OR UPPER(caption) LIKE UPPER(\'%POLY-BLEND%\') OR UPPER(caption) LIKE UPPER(\'%LOUNGEWEAR%\') OR UPPER(caption) LIKE UPPER(\'%PERFORMANCE FABRIC%\') OR UPPER(caption) LIKE UPPER(\'%SEAMLESS%\') OR UPPER(caption) LIKE UPPER(\'%STRETCHABLE%\') OR UPPER(caption) LIKE UPPER(\'%CROPPED%\') OR UPPER(caption) LIKE UPPER(\'%SLEEVELESS%\') OR UPPER(caption) LIKE UPPER(\'%WINDBREAKER%\') OR UPPER(caption) LIKE UPPER(\'%TRAINING%\') OR UPPER(caption) LIKE UPPER(\'%HIGH-WAISTED%\') OR UPPER(caption) LIKE UPPER(\'%RACERBACK%\') OR UPPER(caption) LIKE UPPER(\'%TANK TOPS%\') OR UPPER(caption) LIKE UPPER(\'%PERFORMANCE TIGHTS%\') OR UPPER(caption) LIKE UPPER(\'%BREATHABLE MESH%\') OR UPPER(caption) LIKE UPPER(\'%RUNNING SHORTS%\') OR UPPER(caption) LIKE UPPER(\'%SWEAT-WICKING%\') OR UPPER(caption) LIKE UPPER(\'%HYBRID%\') OR UPPER(caption) LIKE UPPER(\'%SPORTY-CHIC%\') OR UPPER(caption) LIKE UPPER(\'%ACTIVEWEAR BRAND%\') OR UPPER(caption) LIKE UPPER(\'%FUNCTIONAL FASHION%\') OR UPPER(caption) LIKE UPPER(\'%SWEATSHIRTS%\') OR UPPER(caption) LIKE UPPER(\'%SPORTS%\') OR UPPER(caption) LIKE UPPER(\'%HOODED JACKETS%\') OR UPPER(caption) LIKE UPPER(\'%SWEAT-WICKING FABRIC%\') OR UPPER(caption) LIKE UPPER(\'%ACTIVE LIFESTYLE%\') OR UPPER(caption) LIKE UPPER(\'%COMPRESSIVE%\') OR UPPER(caption) LIKE UPPER(\'%MOISTURE CONTROL%\') OR UPPER(caption) LIKE UPPER(\'%FITNESS TRACKER%\') OR UPPER(caption) LIKE UPPER(\'%OUTDOOR SPORTS%\') OR UPPER(caption) LIKE UPPER(\'%FITNESS WATCH%\') OR UPPER(caption) LIKE UPPER(\'%TRAINING SHOES%\') OR UPPER(caption) LIKE UPPER(\'%RUNNING GEAR%\') OR UPPER(caption) LIKE UPPER(\'%ACTIVE FASHION%\') OR UPPER(caption) LIKE UPPER(\'%URBAN FITNESS%\') OR UPPER(caption) LIKE UPPER(\'%CROSS-TRAINING%\') OR UPPER(caption) LIKE UPPER(\'%YOGA PANTS%\') OR UPPER(caption) LIKE UPPER(\'%SPORTY OUTERWEAR%\') OR UPPER(caption) LIKE UPPER(\'%URBAN ACTIVEWEAR%\') OR UPPER(caption) LIKE UPPER(\'%SPORTY CAPS%\') OR UPPER(caption) LIKE UPPER(\'%GYM ATTIRE%\') OR UPPER(caption) LIKE UPPER(\'%STRETCHY FABRICS%\') OR UPPER(caption) LIKE UPPER(\'%SPORTY DRESSES%\') OR UPPER(caption) LIKE UPPER(\'%ATHLETIC TEES%\') OR UPPER(caption) LIKE UPPER(\'%ATHLETIC SHORTS%\')
        )
        GROUP BY posts.id
    ) AND users.pronouns != \'He\'
    ORDER BY chat_enabled DESC, id DESC;
', 0)
 2 SYSTEMPATH/Database/BaseConnection.php(692): CodeIgniter\Database\MySQLi\Connection->execute('
    SELECT * FROM posts
 JOIN users
    on users.id = posts.added_by
    WHERE posts.id IN (
        SELECT id
        FROM posts
        WHERE added_by != \'6\'
        AND deleted = 0
        AND (
            UPPER(caption) LIKE UPPER(\'%Athleisure%\')
            OR UPPER(hashtag) LIKE UPPER(\'%Athleisure%\')
            OR UPPER(caption) LIKE UPPER(\'%ATHLETIC%\') OR UPPER(caption) LIKE UPPER(\'%ADIDAS%\') OR UPPER(caption) LIKE UPPER(\'%COMFORT%\') OR UPPER(caption) LIKE UPPER(\'%NIKE%\') OR UPPER(caption) LIKE UPPER(\'%ACTIVE%\') OR UPPER(caption) LIKE UPPER(\'%LULULEMON%\') OR UPPER(caption) LIKE UPPER(\'%SPORTY%\') OR UPPER(caption) LIKE UPPER(\'%PUMA%\') OR UPPER(caption) LIKE UPPER(\'%RELAXED%\') OR UPPER(caption) LIKE UPPER(\'%UNDER ARMOUR%\') OR UPPER(caption) LIKE UPPER(\'%PERFORMANCE%\') OR UPPER(caption) LIKE UPPER(\'%REEBOK%\') OR UPPER(caption) LIKE UPPER(\'%YOGA%\') OR UPPER(caption) LIKE UPPER(\'%NEW BALANCE%\') OR UPPER(caption) LIKE UPPER(\'%GYM%\') OR UPPER(caption) LIKE UPPER(\'%FABLETICS%\') OR UPPER(caption) LIKE UPPER(\'%WORKOUT%\') OR UPPER(caption) LIKE UPPER(\'%GYMSHARK%\') OR UPPER(caption) LIKE UPPER(\'%CASUAL%\') OR UPPER(caption) LIKE UPPER(\'%ASICS%\') OR UPPER(caption) LIKE UPPER(\'%FUNCTIONAL%\') OR UPPER(caption) LIKE UPPER(\'%OUTDOOR VOICES%\') OR UPPER(caption) LIKE UPPER(\'%LOUNGE%\') OR UPPER(caption) LIKE UPPER(\'%ALO YOGA%\') OR UPPER(caption) LIKE UPPER(\'%STRETCHY%\') OR UPPER(caption) LIKE UPPER(\'%CHAMPION%\') OR UPPER(caption) LIKE UPPER(\'%SWEATPANTS%\') OR UPPER(caption) LIKE UPPER(\'%ATHLETA%\') OR UPPER(caption) LIKE UPPER(\'%LEGGINGS%\') OR UPPER(caption) LIKE UPPER(\'%SWEATY BETTY%\') OR UPPER(caption) LIKE UPPER(\'%HOODIES%\') OR UPPER(caption) LIKE UPPER(\'%RHONE%\') OR UPPER(caption) LIKE UPPER(\'%ACTIVEWEAR%\') OR UPPER(caption) LIKE UPPER(\'%VUORI%\') OR UPPER(caption) LIKE UPPER(\'%SNEAKERS%\') OR UPPER(caption) LIKE UPPER(\'%BEYOND YOGA%\') OR UPPER(caption) LIKE UPPER(\'%ATHLETIC SHOES%\') OR UPPER(caption) LIKE UPPER(\'%2XU%\') OR UPPER(caption) LIKE UPPER(\'%FITNESS%\') OR UPPER(caption) LIKE UPPER(\'%CARBON38%\') OR UPPER(caption) LIKE UPPER(\'%COZY%\') OR UPPER(caption) LIKE UPPER(\'%STREETWEAR%\') OR UPPER(caption) LIKE UPPER(\'%BREATHABLE%\') OR UPPER(caption) LIKE UPPER(\'%FLEXIBLE%\') OR UPPER(caption) LIKE UPPER(\'%DURABLE%\') OR UPPER(caption) LIKE UPPER(\'%SPORTSWEAR%\') OR UPPER(caption) LIKE UPPER(\'%COMFY%\') OR UPPER(caption) LIKE UPPER(\'%VERSATILE%\') OR UPPER(caption) LIKE UPPER(\'%RUNNING%\') OR UPPER(caption) LIKE UPPER(\'%TRENDY%\') OR UPPER(caption) LIKE UPPER(\'%URBAN%\') OR UPPER(caption) LIKE UPPER(\'%CHIC%\') OR UPPER(caption) LIKE UPPER(\'%CASUALWEAR%\') OR UPPER(caption) LIKE UPPER(\'%COMFORTABLE%\') OR UPPER(caption) LIKE UPPER(\'%EFFORTLESS%\') OR UPPER(caption) LIKE UPPER(\'%ELASTIC%\') OR UPPER(caption) LIKE UPPER(\'%ZIPPERS%\') OR UPPER(caption) LIKE UPPER(\'%JOGGERS%\') OR UPPER(caption) LIKE UPPER(\'%HIKING%\') OR UPPER(caption) LIKE UPPER(\'%RUNNING SHOES%\') OR UPPER(caption) LIKE UPPER(\'%MOISTURE-WICKING%\') OR UPPER(caption) LIKE UPPER(\'%COTTON%\') OR UPPER(caption) LIKE UPPER(\'%POLYESTER%\') OR UPPER(caption) LIKE UPPER(\'%LULULEMON%\') OR UPPER(caption) LIKE UPPER(\'%NIKE%\') OR UPPER(caption) LIKE UPPER(\'%ADIDAS%\') OR UPPER(caption) LIKE UPPER(\'%PUMA%\') OR UPPER(caption) LIKE UPPER(\'%UNDER ARMOUR%\') OR UPPER(caption) LIKE UPPER(\'%REEBOK%\') OR UPPER(caption) LIKE UPPER(\'%BALANCE%\') OR UPPER(caption) LIKE UPPER(\'%CROSSFIT%\') OR UPPER(caption) LIKE UPPER(\'%PILATES%\') OR UPPER(caption) LIKE UPPER(\'%ZUMBA%\') OR UPPER(caption) LIKE UPPER(\'%BODYBUILDING%\') OR UPPER(caption) LIKE UPPER(\'%SPANDEX%\') OR UPPER(caption) LIKE UPPER(\'%POLY-BLEND%\') OR UPPER(caption) LIKE UPPER(\'%LOUNGEWEAR%\') OR UPPER(caption) LIKE UPPER(\'%PERFORMANCE FABRIC%\') OR UPPER(caption) LIKE UPPER(\'%SEAMLESS%\') OR UPPER(caption) LIKE UPPER(\'%STRETCHABLE%\') OR UPPER(caption) LIKE UPPER(\'%CROPPED%\') OR UPPER(caption) LIKE UPPER(\'%SLEEVELESS%\') OR UPPER(caption) LIKE UPPER(\'%WINDBREAKER%\') OR UPPER(caption) LIKE UPPER(\'%TRAINING%\') OR UPPER(caption) LIKE UPPER(\'%HIGH-WAISTED%\') OR UPPER(caption) LIKE UPPER(\'%RACERBACK%\') OR UPPER(caption) LIKE UPPER(\'%TANK TOPS%\') OR UPPER(caption) LIKE UPPER(\'%PERFORMANCE TIGHTS%\') OR UPPER(caption) LIKE UPPER(\'%BREATHABLE MESH%\') OR UPPER(caption) LIKE UPPER(\'%RUNNING SHORTS%\') OR UPPER(caption) LIKE UPPER(\'%SWEAT-WICKING%\') OR UPPER(caption) LIKE UPPER(\'%HYBRID%\') OR UPPER(caption) LIKE UPPER(\'%SPORTY-CHIC%\') OR UPPER(caption) LIKE UPPER(\'%ACTIVEWEAR BRAND%\') OR UPPER(caption) LIKE UPPER(\'%FUNCTIONAL FASHION%\') OR UPPER(caption) LIKE UPPER(\'%SWEATSHIRTS%\') OR UPPER(caption) LIKE UPPER(\'%SPORTS%\') OR UPPER(caption) LIKE UPPER(\'%HOODED JACKETS%\') OR UPPER(caption) LIKE UPPER(\'%SWEAT-WICKING FABRIC%\') OR UPPER(caption) LIKE UPPER(\'%ACTIVE LIFESTYLE%\') OR UPPER(caption) LIKE UPPER(\'%COMPRESSIVE%\') OR UPPER(caption) LIKE UPPER(\'%MOISTURE CONTROL%\') OR UPPER(caption) LIKE UPPER(\'%FITNESS TRACKER%\') OR UPPER(caption) LIKE UPPER(\'%OUTDOOR SPORTS%\') OR UPPER(caption) LIKE UPPER(\'%FITNESS WATCH%\') OR UPPER(caption) LIKE UPPER(\'%TRAINING SHOES%\') OR UPPER(caption) LIKE UPPER(\'%RUNNING GEAR%\') OR UPPER(caption) LIKE UPPER(\'%ACTIVE FASHION%\') OR UPPER(caption) LIKE UPPER(\'%URBAN FITNESS%\') OR UPPER(caption) LIKE UPPER(\'%CROSS-TRAINING%\') OR UPPER(caption) LIKE UPPER(\'%YOGA PANTS%\') OR UPPER(caption) LIKE UPPER(\'%SPORTY OUTERWEAR%\') OR UPPER(caption) LIKE UPPER(\'%URBAN ACTIVEWEAR%\') OR UPPER(caption) LIKE UPPER(\'%SPORTY CAPS%\') OR UPPER(caption) LIKE UPPER(\'%GYM ATTIRE%\') OR UPPER(caption) LIKE UPPER(\'%STRETCHY FABRICS%\') OR UPPER(caption) LIKE UPPER(\'%SPORTY DRESSES%\') OR UPPER(caption) LIKE UPPER(\'%ATHLETIC TEES%\') OR UPPER(caption) LIKE UPPER(\'%ATHLETIC SHORTS%\')
        )
        GROUP BY posts.id
    ) AND users.pronouns != \'He\'
    ORDER BY chat_enabled DESC, id DESC;
')
 3 SYSTEMPATH/Database/BaseConnection.php(606): CodeIgniter\Database\BaseConnection->simpleQuery('
    SELECT * FROM posts
 JOIN users
    on users.id = posts.added_by
    WHERE posts.id IN (
        SELECT id
        FROM posts
        WHERE added_by != \'6\'
        AND deleted = 0
        AND (
            UPPER(caption) LIKE UPPER(\'%Athleisure%\')
            OR UPPER(hashtag) LIKE UPPER(\'%Athleisure%\')
            OR UPPER(caption) LIKE UPPER(\'%ATHLETIC%\') OR UPPER(caption) LIKE UPPER(\'%ADIDAS%\') OR UPPER(caption) LIKE UPPER(\'%COMFORT%\') OR UPPER(caption) LIKE UPPER(\'%NIKE%\') OR UPPER(caption) LIKE UPPER(\'%ACTIVE%\') OR UPPER(caption) LIKE UPPER(\'%LULULEMON%\') OR UPPER(caption) LIKE UPPER(\'%SPORTY%\') OR UPPER(caption) LIKE UPPER(\'%PUMA%\') OR UPPER(caption) LIKE UPPER(\'%RELAXED%\') OR UPPER(caption) LIKE UPPER(\'%UNDER ARMOUR%\') OR UPPER(caption) LIKE UPPER(\'%PERFORMANCE%\') OR UPPER(caption) LIKE UPPER(\'%REEBOK%\') OR UPPER(caption) LIKE UPPER(\'%YOGA%\') OR UPPER(caption) LIKE UPPER(\'%NEW BALANCE%\') OR UPPER(caption) LIKE UPPER(\'%GYM%\') OR UPPER(caption) LIKE UPPER(\'%FABLETICS%\') OR UPPER(caption) LIKE UPPER(\'%WORKOUT%\') OR UPPER(caption) LIKE UPPER(\'%GYMSHARK%\') OR UPPER(caption) LIKE UPPER(\'%CASUAL%\') OR UPPER(caption) LIKE UPPER(\'%ASICS%\') OR UPPER(caption) LIKE UPPER(\'%FUNCTIONAL%\') OR UPPER(caption) LIKE UPPER(\'%OUTDOOR VOICES%\') OR UPPER(caption) LIKE UPPER(\'%LOUNGE%\') OR UPPER(caption) LIKE UPPER(\'%ALO YOGA%\') OR UPPER(caption) LIKE UPPER(\'%STRETCHY%\') OR UPPER(caption) LIKE UPPER(\'%CHAMPION%\') OR UPPER(caption) LIKE UPPER(\'%SWEATPANTS%\') OR UPPER(caption) LIKE UPPER(\'%ATHLETA%\') OR UPPER(caption) LIKE UPPER(\'%LEGGINGS%\') OR UPPER(caption) LIKE UPPER(\'%SWEATY BETTY%\') OR UPPER(caption) LIKE UPPER(\'%HOODIES%\') OR UPPER(caption) LIKE UPPER(\'%RHONE%\') OR UPPER(caption) LIKE UPPER(\'%ACTIVEWEAR%\') OR UPPER(caption) LIKE UPPER(\'%VUORI%\') OR UPPER(caption) LIKE UPPER(\'%SNEAKERS%\') OR UPPER(caption) LIKE UPPER(\'%BEYOND YOGA%\') OR UPPER(caption) LIKE UPPER(\'%ATHLETIC SHOES%\') OR UPPER(caption) LIKE UPPER(\'%2XU%\') OR UPPER(caption) LIKE UPPER(\'%FITNESS%\') OR UPPER(caption) LIKE UPPER(\'%CARBON38%\') OR UPPER(caption) LIKE UPPER(\'%COZY%\') OR UPPER(caption) LIKE UPPER(\'%STREETWEAR%\') OR UPPER(caption) LIKE UPPER(\'%BREATHABLE%\') OR UPPER(caption) LIKE UPPER(\'%FLEXIBLE%\') OR UPPER(caption) LIKE UPPER(\'%DURABLE%\') OR UPPER(caption) LIKE UPPER(\'%SPORTSWEAR%\') OR UPPER(caption) LIKE UPPER(\'%COMFY%\') OR UPPER(caption) LIKE UPPER(\'%VERSATILE%\') OR UPPER(caption) LIKE UPPER(\'%RUNNING%\') OR UPPER(caption) LIKE UPPER(\'%TRENDY%\') OR UPPER(caption) LIKE UPPER(\'%URBAN%\') OR UPPER(caption) LIKE UPPER(\'%CHIC%\') OR UPPER(caption) LIKE UPPER(\'%CASUALWEAR%\') OR UPPER(caption) LIKE UPPER(\'%COMFORTABLE%\') OR UPPER(caption) LIKE UPPER(\'%EFFORTLESS%\') OR UPPER(caption) LIKE UPPER(\'%ELASTIC%\') OR UPPER(caption) LIKE UPPER(\'%ZIPPERS%\') OR UPPER(caption) LIKE UPPER(\'%JOGGERS%\') OR UPPER(caption) LIKE UPPER(\'%HIKING%\') OR UPPER(caption) LIKE UPPER(\'%RUNNING SHOES%\') OR UPPER(caption) LIKE UPPER(\'%MOISTURE-WICKING%\') OR UPPER(caption) LIKE UPPER(\'%COTTON%\') OR UPPER(caption) LIKE UPPER(\'%POLYESTER%\') OR UPPER(caption) LIKE UPPER(\'%LULULEMON%\') OR UPPER(caption) LIKE UPPER(\'%NIKE%\') OR UPPER(caption) LIKE UPPER(\'%ADIDAS%\') OR UPPER(caption) LIKE UPPER(\'%PUMA%\') OR UPPER(caption) LIKE UPPER(\'%UNDER ARMOUR%\') OR UPPER(caption) LIKE UPPER(\'%REEBOK%\') OR UPPER(caption) LIKE UPPER(\'%BALANCE%\') OR UPPER(caption) LIKE UPPER(\'%CROSSFIT%\') OR UPPER(caption) LIKE UPPER(\'%PILATES%\') OR UPPER(caption) LIKE UPPER(\'%ZUMBA%\') OR UPPER(caption) LIKE UPPER(\'%BODYBUILDING%\') OR UPPER(caption) LIKE UPPER(\'%SPANDEX%\') OR UPPER(caption) LIKE UPPER(\'%POLY-BLEND%\') OR UPPER(caption) LIKE UPPER(\'%LOUNGEWEAR%\') OR UPPER(caption) LIKE UPPER(\'%PERFORMANCE FABRIC%\') OR UPPER(caption) LIKE UPPER(\'%SEAMLESS%\') OR UPPER(caption) LIKE UPPER(\'%STRETCHABLE%\') OR UPPER(caption) LIKE UPPER(\'%CROPPED%\') OR UPPER(caption) LIKE UPPER(\'%SLEEVELESS%\') OR UPPER(caption) LIKE UPPER(\'%WINDBREAKER%\') OR UPPER(caption) LIKE UPPER(\'%TRAINING%\') OR UPPER(caption) LIKE UPPER(\'%HIGH-WAISTED%\') OR UPPER(caption) LIKE UPPER(\'%RACERBACK%\') OR UPPER(caption) LIKE UPPER(\'%TANK TOPS%\') OR UPPER(caption) LIKE UPPER(\'%PERFORMANCE TIGHTS%\') OR UPPER(caption) LIKE UPPER(\'%BREATHABLE MESH%\') OR UPPER(caption) LIKE UPPER(\'%RUNNING SHORTS%\') OR UPPER(caption) LIKE UPPER(\'%SWEAT-WICKING%\') OR UPPER(caption) LIKE UPPER(\'%HYBRID%\') OR UPPER(caption) LIKE UPPER(\'%SPORTY-CHIC%\') OR UPPER(caption) LIKE UPPER(\'%ACTIVEWEAR BRAND%\') OR UPPER(caption) LIKE UPPER(\'%FUNCTIONAL FASHION%\') OR UPPER(caption) LIKE UPPER(\'%SWEATSHIRTS%\') OR UPPER(caption) LIKE UPPER(\'%SPORTS%\') OR UPPER(caption) LIKE UPPER(\'%HOODED JACKETS%\') OR UPPER(caption) LIKE UPPER(\'%SWEAT-WICKING FABRIC%\') OR UPPER(caption) LIKE UPPER(\'%ACTIVE LIFESTYLE%\') OR UPPER(caption) LIKE UPPER(\'%COMPRESSIVE%\') OR UPPER(caption) LIKE UPPER(\'%MOISTURE CONTROL%\') OR UPPER(caption) LIKE UPPER(\'%FITNESS TRACKER%\') OR UPPER(caption) LIKE UPPER(\'%OUTDOOR SPORTS%\') OR UPPER(caption) LIKE UPPER(\'%FITNESS WATCH%\') OR UPPER(caption) LIKE UPPER(\'%TRAINING SHOES%\') OR UPPER(caption) LIKE UPPER(\'%RUNNING GEAR%\') OR UPPER(caption) LIKE UPPER(\'%ACTIVE FASHION%\') OR UPPER(caption) LIKE UPPER(\'%URBAN FITNESS%\') OR UPPER(caption) LIKE UPPER(\'%CROSS-TRAINING%\') OR UPPER(caption) LIKE UPPER(\'%YOGA PANTS%\') OR UPPER(caption) LIKE UPPER(\'%SPORTY OUTERWEAR%\') OR UPPER(caption) LIKE UPPER(\'%URBAN ACTIVEWEAR%\') OR UPPER(caption) LIKE UPPER(\'%SPORTY CAPS%\') OR UPPER(caption) LIKE UPPER(\'%GYM ATTIRE%\') OR UPPER(caption) LIKE UPPER(\'%STRETCHY FABRICS%\') OR UPPER(caption) LIKE UPPER(\'%SPORTY DRESSES%\') OR UPPER(caption) LIKE UPPER(\'%ATHLETIC TEES%\') OR UPPER(caption) LIKE UPPER(\'%ATHLETIC SHORTS%\')
        )
        GROUP BY posts.id
    ) AND users.pronouns != \'He\'
    ORDER BY chat_enabled DESC, id DESC;
')
 4 APPPATH/Models/Api/PostModel.php(283): CodeIgniter\Database\BaseConnection->query('
    SELECT * FROM posts
 JOIN users
    on users.id = posts.added_by
    WHERE posts.id IN (
        SELECT id
        FROM posts
        WHERE added_by != \'6\'
        AND deleted = 0
        AND (
            UPPER(caption) LIKE UPPER(\'%Athleisure%\')
            OR UPPER(hashtag) LIKE UPPER(\'%Athleisure%\')
            OR UPPER(caption) LIKE UPPER(\'%ATHLETIC%\') OR UPPER(caption) LIKE UPPER(\'%ADIDAS%\') OR UPPER(caption) LIKE UPPER(\'%COMFORT%\') OR UPPER(caption) LIKE UPPER(\'%NIKE%\') OR UPPER(caption) LIKE UPPER(\'%ACTIVE%\') OR UPPER(caption) LIKE UPPER(\'%LULULEMON%\') OR UPPER(caption) LIKE UPPER(\'%SPORTY%\') OR UPPER(caption) LIKE UPPER(\'%PUMA%\') OR UPPER(caption) LIKE UPPER(\'%RELAXED%\') OR UPPER(caption) LIKE UPPER(\'%UNDER ARMOUR%\') OR UPPER(caption) LIKE UPPER(\'%PERFORMANCE%\') OR UPPER(caption) LIKE UPPER(\'%REEBOK%\') OR UPPER(caption) LIKE UPPER(\'%YOGA%\') OR UPPER(caption) LIKE UPPER(\'%NEW BALANCE%\') OR UPPER(caption) LIKE UPPER(\'%GYM%\') OR UPPER(caption) LIKE UPPER(\'%FABLETICS%\') OR UPPER(caption) LIKE UPPER(\'%WORKOUT%\') OR UPPER(caption) LIKE UPPER(\'%GYMSHARK%\') OR UPPER(caption) LIKE UPPER(\'%CASUAL%\') OR UPPER(caption) LIKE UPPER(\'%ASICS%\') OR UPPER(caption) LIKE UPPER(\'%FUNCTIONAL%\') OR UPPER(caption) LIKE UPPER(\'%OUTDOOR VOICES%\') OR UPPER(caption) LIKE UPPER(\'%LOUNGE%\') OR UPPER(caption) LIKE UPPER(\'%ALO YOGA%\') OR UPPER(caption) LIKE UPPER(\'%STRETCHY%\') OR UPPER(caption) LIKE UPPER(\'%CHAMPION%\') OR UPPER(caption) LIKE UPPER(\'%SWEATPANTS%\') OR UPPER(caption) LIKE UPPER(\'%ATHLETA%\') OR UPPER(caption) LIKE UPPER(\'%LEGGINGS%\') OR UPPER(caption) LIKE UPPER(\'%SWEATY BETTY%\') OR UPPER(caption) LIKE UPPER(\'%HOODIES%\') OR UPPER(caption) LIKE UPPER(\'%RHONE%\') OR UPPER(caption) LIKE UPPER(\'%ACTIVEWEAR%\') OR UPPER(caption) LIKE UPPER(\'%VUORI%\') OR UPPER(caption) LIKE UPPER(\'%SNEAKERS%\') OR UPPER(caption) LIKE UPPER(\'%BEYOND YOGA%\') OR UPPER(caption) LIKE UPPER(\'%ATHLETIC SHOES%\') OR UPPER(caption) LIKE UPPER(\'%2XU%\') OR UPPER(caption) LIKE UPPER(\'%FITNESS%\') OR UPPER(caption) LIKE UPPER(\'%CARBON38%\') OR UPPER(caption) LIKE UPPER(\'%COZY%\') OR UPPER(caption) LIKE UPPER(\'%STREETWEAR%\') OR UPPER(caption) LIKE UPPER(\'%BREATHABLE%\') OR UPPER(caption) LIKE UPPER(\'%FLEXIBLE%\') OR UPPER(caption) LIKE UPPER(\'%DURABLE%\') OR UPPER(caption) LIKE UPPER(\'%SPORTSWEAR%\') OR UPPER(caption) LIKE UPPER(\'%COMFY%\') OR UPPER(caption) LIKE UPPER(\'%VERSATILE%\') OR UPPER(caption) LIKE UPPER(\'%RUNNING%\') OR UPPER(caption) LIKE UPPER(\'%TRENDY%\') OR UPPER(caption) LIKE UPPER(\'%URBAN%\') OR UPPER(caption) LIKE UPPER(\'%CHIC%\') OR UPPER(caption) LIKE UPPER(\'%CASUALWEAR%\') OR UPPER(caption) LIKE UPPER(\'%COMFORTABLE%\') OR UPPER(caption) LIKE UPPER(\'%EFFORTLESS%\') OR UPPER(caption) LIKE UPPER(\'%ELASTIC%\') OR UPPER(caption) LIKE UPPER(\'%ZIPPERS%\') OR UPPER(caption) LIKE UPPER(\'%JOGGERS%\') OR UPPER(caption) LIKE UPPER(\'%HIKING%\') OR UPPER(caption) LIKE UPPER(\'%RUNNING SHOES%\') OR UPPER(caption) LIKE UPPER(\'%MOISTURE-WICKING%\') OR UPPER(caption) LIKE UPPER(\'%COTTON%\') OR UPPER(caption) LIKE UPPER(\'%POLYESTER%\') OR UPPER(caption) LIKE UPPER(\'%LULULEMON%\') OR UPPER(caption) LIKE UPPER(\'%NIKE%\') OR UPPER(caption) LIKE UPPER(\'%ADIDAS%\') OR UPPER(caption) LIKE UPPER(\'%PUMA%\') OR UPPER(caption) LIKE UPPER(\'%UNDER ARMOUR%\') OR UPPER(caption) LIKE UPPER(\'%REEBOK%\') OR UPPER(caption) LIKE UPPER(\'%BALANCE%\') OR UPPER(caption) LIKE UPPER(\'%CROSSFIT%\') OR UPPER(caption) LIKE UPPER(\'%PILATES%\') OR UPPER(caption) LIKE UPPER(\'%ZUMBA%\') OR UPPER(caption) LIKE UPPER(\'%BODYBUILDING%\') OR UPPER(caption) LIKE UPPER(\'%SPANDEX%\') OR UPPER(caption) LIKE UPPER(\'%POLY-BLEND%\') OR UPPER(caption) LIKE UPPER(\'%LOUNGEWEAR%\') OR UPPER(caption) LIKE UPPER(\'%PERFORMANCE FABRIC%\') OR UPPER(caption) LIKE UPPER(\'%SEAMLESS%\') OR UPPER(caption) LIKE UPPER(\'%STRETCHABLE%\') OR UPPER(caption) LIKE UPPER(\'%CROPPED%\') OR UPPER(caption) LIKE UPPER(\'%SLEEVELESS%\') OR UPPER(caption) LIKE UPPER(\'%WINDBREAKER%\') OR UPPER(caption) LIKE UPPER(\'%TRAINING%\') OR UPPER(caption) LIKE UPPER(\'%HIGH-WAISTED%\') OR UPPER(caption) LIKE UPPER(\'%RACERBACK%\') OR UPPER(caption) LIKE UPPER(\'%TANK TOPS%\') OR UPPER(caption) LIKE UPPER(\'%PERFORMANCE TIGHTS%\') OR UPPER(caption) LIKE UPPER(\'%BREATHABLE MESH%\') OR UPPER(caption) LIKE UPPER(\'%RUNNING SHORTS%\') OR UPPER(caption) LIKE UPPER(\'%SWEAT-WICKING%\') OR UPPER(caption) LIKE UPPER(\'%HYBRID%\') OR UPPER(caption) LIKE UPPER(\'%SPORTY-CHIC%\') OR UPPER(caption) LIKE UPPER(\'%ACTIVEWEAR BRAND%\') OR UPPER(caption) LIKE UPPER(\'%FUNCTIONAL FASHION%\') OR UPPER(caption) LIKE UPPER(\'%SWEATSHIRTS%\') OR UPPER(caption) LIKE UPPER(\'%SPORTS%\') OR UPPER(caption) LIKE UPPER(\'%HOODED JACKETS%\') OR UPPER(caption) LIKE UPPER(\'%SWEAT-WICKING FABRIC%\') OR UPPER(caption) LIKE UPPER(\'%ACTIVE LIFESTYLE%\') OR UPPER(caption) LIKE UPPER(\'%COMPRESSIVE%\') OR UPPER(caption) LIKE UPPER(\'%MOISTURE CONTROL%\') OR UPPER(caption) LIKE UPPER(\'%FITNESS TRACKER%\') OR UPPER(caption) LIKE UPPER(\'%OUTDOOR SPORTS%\') OR UPPER(caption) LIKE UPPER(\'%FITNESS WATCH%\') OR UPPER(caption) LIKE UPPER(\'%TRAINING SHOES%\') OR UPPER(caption) LIKE UPPER(\'%RUNNING GEAR%\') OR UPPER(caption) LIKE UPPER(\'%ACTIVE FASHION%\') OR UPPER(caption) LIKE UPPER(\'%URBAN FITNESS%\') OR UPPER(caption) LIKE UPPER(\'%CROSS-TRAINING%\') OR UPPER(caption) LIKE UPPER(\'%YOGA PANTS%\') OR UPPER(caption) LIKE UPPER(\'%SPORTY OUTERWEAR%\') OR UPPER(caption) LIKE UPPER(\'%URBAN ACTIVEWEAR%\') OR UPPER(caption) LIKE UPPER(\'%SPORTY CAPS%\') OR UPPER(caption) LIKE UPPER(\'%GYM ATTIRE%\') OR UPPER(caption) LIKE UPPER(\'%STRETCHY FABRICS%\') OR UPPER(caption) LIKE UPPER(\'%SPORTY DRESSES%\') OR UPPER(caption) LIKE UPPER(\'%ATHLETIC TEES%\') OR UPPER(caption) LIKE UPPER(\'%ATHLETIC SHORTS%\')
        )
        GROUP BY posts.id
    ) AND users.pronouns != \'He\'
    ORDER BY chat_enabled DESC, id DESC;
')
 5 APPPATH/Controllers/Api/Post.php(522): App\Models\Api\PostModel->searchPosts('Athleisure', '6')
 6 SYSTEMPATH/CodeIgniter.php(932): App\Controllers\Api\Post->search()
 7 SYSTEMPATH/CodeIgniter.php(497): CodeIgniter\CodeIgniter->runController(Object(App\Controllers\Api\Post))
 8 SYSTEMPATH/CodeIgniter.php(366): CodeIgniter\CodeIgniter->handleRequest(null, Object(Config\Cache), false)
 9 FCPATH/index.php(67): CodeIgniter\CodeIgniter->run()
10 SYSTEMPATH/Commands/Server/rewrite.php(47): require_once('/Users/winson.heng/server-php/public/index.php')
