ERROR - 2023-12-17 12:58:19 --> mysqli_sql_exception: Column 'hashtag' cannot be null in /Users/winson.heng/server-php/system/Database/MySQLi/Connection.php:295
Stack trace:
#0 /Users/winson.heng/server-php/system/Database/MySQLi/Connection.php(295): mysqli->query('INSERT INTO `po...', 0)
#1 /Users/winson.heng/server-php/system/Database/BaseConnection.php(692): CodeIgniter\Database\MySQLi\Connection->execute('INSERT INTO `po...')
#2 /Users/winson.heng/server-php/system/Database/BaseConnection.php(606): CodeIgniter\Database\BaseConnection->simpleQuery('INSERT INTO `po...')
#3 /Users/winson.heng/server-php/system/Database/BaseBuilder.php(2309): CodeIgniter\Database\BaseConnection->query('INSERT INTO `po...', Array, false)
#4 /Users/winson.heng/server-php/app/Models/Api/PostModel.php(33): CodeIgniter\Database\BaseBuilder->insert(Array)
#5 /Users/winson.heng/server-php/app/Controllers/Api/Post.php(78): App\Models\Api\PostModel->add(Array)
#6 /Users/winson.heng/server-php/system/CodeIgniter.php(932): App\Controllers\Api\Post->addPost()
#7 /Users/winson.heng/server-php/system/CodeIgniter.php(497): CodeIgniter\CodeIgniter->runController(Object(App\Controllers\Api\Post))
#8 /Users/winson.heng/server-php/system/CodeIgniter.php(366): CodeIgniter\CodeIgniter->handleRequest(NULL, Object(Config\Cache), false)
#9 /Users/winson.heng/server-php/public/index.php(67): CodeIgniter\CodeIgniter->run()
#10 /Users/winson.heng/server-php/system/Commands/Server/rewrite.php(47): require_once('/Users/winson.h...')
#11 {main}
ERROR - 2023-12-17 12:59:46 --> mysqli_sql_exception: Column 'hashtag' cannot be null in /Users/winson.heng/server-php/system/Database/MySQLi/Connection.php:295
Stack trace:
#0 /Users/winson.heng/server-php/system/Database/MySQLi/Connection.php(295): mysqli->query('INSERT INTO `po...', 0)
#1 /Users/winson.heng/server-php/system/Database/BaseConnection.php(692): CodeIgniter\Database\MySQLi\Connection->execute('INSERT INTO `po...')
#2 /Users/winson.heng/server-php/system/Database/BaseConnection.php(606): CodeIgniter\Database\BaseConnection->simpleQuery('INSERT INTO `po...')
#3 /Users/winson.heng/server-php/system/Database/BaseBuilder.php(2309): CodeIgniter\Database\BaseConnection->query('INSERT INTO `po...', Array, false)
#4 /Users/winson.heng/server-php/app/Models/Api/PostModel.php(33): CodeIgniter\Database\BaseBuilder->insert(Array)
#5 /Users/winson.heng/server-php/app/Controllers/Api/Post.php(78): App\Models\Api\PostModel->add(Array)
#6 /Users/winson.heng/server-php/system/CodeIgniter.php(932): App\Controllers\Api\Post->addPost()
#7 /Users/winson.heng/server-php/system/CodeIgniter.php(497): CodeIgniter\CodeIgniter->runController(Object(App\Controllers\Api\Post))
#8 /Users/winson.heng/server-php/system/CodeIgniter.php(366): CodeIgniter\CodeIgniter->handleRequest(NULL, Object(Config\Cache), false)
#9 /Users/winson.heng/server-php/public/index.php(67): CodeIgniter\CodeIgniter->run()
#10 /Users/winson.heng/server-php/system/Commands/Server/rewrite.php(47): require_once('/Users/winson.h...')
#11 {main}
ERROR - 2023-12-17 13:30:09 --> mysqli_sql_exception: Table 'miromie.post_id' doesn't exist in /Users/winson.heng/server-php/system/Database/MySQLi/Connection.php:295
Stack trace:
#0 /Users/winson.heng/server-php/system/Database/MySQLi/Connection.php(295): mysqli->query('INSERT INTO `po...', 0)
#1 /Users/winson.heng/server-php/system/Database/BaseConnection.php(692): CodeIgniter\Database\MySQLi\Connection->execute('INSERT INTO `po...')
#2 /Users/winson.heng/server-php/system/Database/BaseConnection.php(606): CodeIgniter\Database\BaseConnection->simpleQuery('INSERT INTO `po...')
#3 /Users/winson.heng/server-php/system/Database/BaseBuilder.php(1801): CodeIgniter\Database\BaseConnection->query('INSERT INTO `po...', NULL, false)
#4 /Users/winson.heng/server-php/system/Database/BaseBuilder.php(2192): CodeIgniter\Database\BaseBuilder->batchExecute('_insertBatch', 100)
#5 /Users/winson.heng/server-php/app/Models/Api/PostModel.php(89): CodeIgniter\Database\BaseBuilder->insertBatch(Array)
#6 /Users/winson.heng/server-php/app/Controllers/Api/Post.php(164): App\Models\Api\PostModel->editPost('95', Array)
#7 /Users/winson.heng/server-php/system/CodeIgniter.php(932): App\Controllers\Api\Post->editPost('95')
#8 /Users/winson.heng/server-php/system/CodeIgniter.php(497): CodeIgniter\CodeIgniter->runController(Object(App\Controllers\Api\Post))
#9 /Users/winson.heng/server-php/system/CodeIgniter.php(366): CodeIgniter\CodeIgniter->handleRequest(NULL, Object(Config\Cache), false)
#10 /Users/winson.heng/server-php/public/index.php(67): CodeIgniter\CodeIgniter->run()
#11 /Users/winson.heng/server-php/system/Commands/Server/rewrite.php(47): require_once('/Users/winson.h...')
#12 {main}
ERROR - 2023-12-17 13:36:45 --> mysqli_sql_exception: Table 'miromie.post_id' doesn't exist in /Users/winson.heng/server-php/system/Database/MySQLi/Connection.php:295
Stack trace:
#0 /Users/winson.heng/server-php/system/Database/MySQLi/Connection.php(295): mysqli->query('INSERT INTO `po...', 0)
#1 /Users/winson.heng/server-php/system/Database/BaseConnection.php(692): CodeIgniter\Database\MySQLi\Connection->execute('INSERT INTO `po...')
#2 /Users/winson.heng/server-php/system/Database/BaseConnection.php(606): CodeIgniter\Database\BaseConnection->simpleQuery('INSERT INTO `po...')
#3 /Users/winson.heng/server-php/system/Database/BaseBuilder.php(1801): CodeIgniter\Database\BaseConnection->query('INSERT INTO `po...', NULL, false)
#4 /Users/winson.heng/server-php/system/Database/BaseBuilder.php(1963): CodeIgniter\Database\BaseBuilder->batchExecute('_upsertBatch', 100)
#5 /Users/winson.heng/server-php/app/Models/Api/PostModel.php(89): CodeIgniter\Database\BaseBuilder->upsertBatch(Array)
#6 /Users/winson.heng/server-php/app/Controllers/Api/Post.php(164): App\Models\Api\PostModel->editPost('95', Array)
#7 /Users/winson.heng/server-php/system/CodeIgniter.php(932): App\Controllers\Api\Post->editPost('95')
#8 /Users/winson.heng/server-php/system/CodeIgniter.php(497): CodeIgniter\CodeIgniter->runController(Object(App\Controllers\Api\Post))
#9 /Users/winson.heng/server-php/system/CodeIgniter.php(366): CodeIgniter\CodeIgniter->handleRequest(NULL, Object(Config\Cache), false)
#10 /Users/winson.heng/server-php/public/index.php(67): CodeIgniter\CodeIgniter->run()
#11 /Users/winson.heng/server-php/system/Commands/Server/rewrite.php(47): require_once('/Users/winson.h...')
#12 {main}
ERROR - 2023-12-17 13:37:35 --> mysqli_sql_exception: Table 'miromie.post_id' doesn't exist in /Users/winson.heng/server-php/system/Database/MySQLi/Connection.php:295
Stack trace:
#0 /Users/winson.heng/server-php/system/Database/MySQLi/Connection.php(295): mysqli->query('INSERT INTO `po...', 0)
#1 /Users/winson.heng/server-php/system/Database/BaseConnection.php(692): CodeIgniter\Database\MySQLi\Connection->execute('INSERT INTO `po...')
#2 /Users/winson.heng/server-php/system/Database/BaseConnection.php(606): CodeIgniter\Database\BaseConnection->simpleQuery('INSERT INTO `po...')
#3 /Users/winson.heng/server-php/system/Database/BaseBuilder.php(1801): CodeIgniter\Database\BaseConnection->query('INSERT INTO `po...', NULL, false)
#4 /Users/winson.heng/server-php/system/Database/BaseBuilder.php(1963): CodeIgniter\Database\BaseBuilder->batchExecute('_upsertBatch', 100)
#5 /Users/winson.heng/server-php/app/Models/Api/PostModel.php(89): CodeIgniter\Database\BaseBuilder->upsertBatch(Array)
#6 /Users/winson.heng/server-php/app/Controllers/Api/Post.php(164): App\Models\Api\PostModel->editPost('95', Array)
#7 /Users/winson.heng/server-php/system/CodeIgniter.php(932): App\Controllers\Api\Post->editPost('95')
#8 /Users/winson.heng/server-php/system/CodeIgniter.php(497): CodeIgniter\CodeIgniter->runController(Object(App\Controllers\Api\Post))
#9 /Users/winson.heng/server-php/system/CodeIgniter.php(366): CodeIgniter\CodeIgniter->handleRequest(NULL, Object(Config\Cache), false)
#10 /Users/winson.heng/server-php/public/index.php(67): CodeIgniter\CodeIgniter->run()
#11 /Users/winson.heng/server-php/system/Commands/Server/rewrite.php(47): require_once('/Users/winson.h...')
#12 {main}
ERROR - 2023-12-17 13:38:04 --> mysqli_sql_exception: Table 'miromie.post_mentions' doesn't exist in /Users/winson.heng/server-php/system/Database/MySQLi/Connection.php:295
Stack trace:
#0 /Users/winson.heng/server-php/system/Database/MySQLi/Connection.php(295): mysqli->query('INSERT INTO `po...', 0)
#1 /Users/winson.heng/server-php/system/Database/BaseConnection.php(692): CodeIgniter\Database\MySQLi\Connection->execute('INSERT INTO `po...')
#2 /Users/winson.heng/server-php/system/Database/BaseConnection.php(606): CodeIgniter\Database\BaseConnection->simpleQuery('INSERT INTO `po...')
#3 /Users/winson.heng/server-php/system/Database/BaseBuilder.php(1801): CodeIgniter\Database\BaseConnection->query('INSERT INTO `po...', NULL, false)
#4 /Users/winson.heng/server-php/system/Database/BaseBuilder.php(1963): CodeIgniter\Database\BaseBuilder->batchExecute('_upsertBatch', 100)
#5 /Users/winson.heng/server-php/app/Models/Api/PostModel.php(89): CodeIgniter\Database\BaseBuilder->upsertBatch(Array)
#6 /Users/winson.heng/server-php/app/Controllers/Api/Post.php(164): App\Models\Api\PostModel->editPost('95', Array)
#7 /Users/winson.heng/server-php/system/CodeIgniter.php(932): App\Controllers\Api\Post->editPost('95')
#8 /Users/winson.heng/server-php/system/CodeIgniter.php(497): CodeIgniter\CodeIgniter->runController(Object(App\Controllers\Api\Post))
#9 /Users/winson.heng/server-php/system/CodeIgniter.php(366): CodeIgniter\CodeIgniter->handleRequest(NULL, Object(Config\Cache), false)
#10 /Users/winson.heng/server-php/public/index.php(67): CodeIgniter\CodeIgniter->run()
#11 /Users/winson.heng/server-php/system/Commands/Server/rewrite.php(47): require_once('/Users/winson.h...')
#12 {main}
