ERROR - 2024-02-16 15:23:34 --> mysqli_sql_exception: Table 'miromie.upgrade_info' doesn't exist in /Users/winson.heng/server-php/system/Database/MySQLi/Connection.php:295
Stack trace:
#0 /Users/winson.heng/server-php/system/Database/MySQLi/Connection.php(295): mysqli->query('SELECT *\nFROM `...', 0)
#1 /Users/winson.heng/server-php/system/Database/BaseConnection.php(692): CodeIgniter\Database\MySQLi\Connection->execute('SELECT *\nFROM `...')
#2 /Users/winson.heng/server-php/system/Database/BaseConnection.php(606): CodeIgniter\Database\BaseConnection->simpleQuery('SELECT *\nFROM `...')
#3 /Users/winson.heng/server-php/system/Database/BaseBuilder.php(1616): CodeIgniter\Database\BaseConnection->query('SELECT *\nFROM `...', Array, false)
#4 /Users/winson.heng/server-php/app/Controllers/Api/Config.php(18): CodeIgniter\Database\BaseBuilder->get()
#5 /Users/winson.heng/server-php/system/CodeIgniter.php(932): App\Controllers\Api\Config->upgradeInfo()
#6 /Users/winson.heng/server-php/system/CodeIgniter.php(497): CodeIgniter\CodeIgniter->runController(Object(App\Controllers\Api\Config))
#7 /Users/winson.heng/server-php/system/CodeIgniter.php(366): CodeIgniter\CodeIgniter->handleRequest(NULL, Object(Config\Cache), false)
#8 /Users/winson.heng/server-php/public/index.php(67): CodeIgniter\CodeIgniter->run()
#9 /Users/winson.heng/server-php/system/Commands/Server/rewrite.php(47): require_once('/Users/winson.h...')
#10 {main}
CRITICAL - 2024-02-16 15:23:34 --> Table 'miromie.upgrade_info' doesn't exist
in SYSTEMPATH/Database/MySQLi/Connection.php on line 295.
 1 SYSTEMPATH/Database/MySQLi/Connection.php(295): mysqli->query('SELECT *
FROM `upgrade_info`', 0)
 2 SYSTEMPATH/Database/BaseConnection.php(692): CodeIgniter\Database\MySQLi\Connection->execute('SELECT *
FROM `upgrade_info`')
 3 SYSTEMPATH/Database/BaseConnection.php(606): CodeIgniter\Database\BaseConnection->simpleQuery('SELECT *
FROM `upgrade_info`')
 4 SYSTEMPATH/Database/BaseBuilder.php(1616): CodeIgniter\Database\BaseConnection->query('SELECT *
FROM `upgrade_info`', [], false)
 5 APPPATH/Controllers/Api/Config.php(18): CodeIgniter\Database\BaseBuilder->get()
 6 SYSTEMPATH/CodeIgniter.php(932): App\Controllers\Api\Config->upgradeInfo()
 7 SYSTEMPATH/CodeIgniter.php(497): CodeIgniter\CodeIgniter->runController(Object(App\Controllers\Api\Config))
 8 SYSTEMPATH/CodeIgniter.php(366): CodeIgniter\CodeIgniter->handleRequest(null, Object(Config\Cache), false)
 9 FCPATH/index.php(67): CodeIgniter\CodeIgniter->run()
10 SYSTEMPATH/Commands/Server/rewrite.php(47): require_once('/Users/winson.heng/server-php/public/index.php')
ERROR - 2024-02-16 15:24:00 --> mysqli_sql_exception: Table 'miromie.upgrade_info' doesn't exist in /Users/winson.heng/server-php/system/Database/MySQLi/Connection.php:295
Stack trace:
#0 /Users/winson.heng/server-php/system/Database/MySQLi/Connection.php(295): mysqli->query('SELECT *\nFROM `...', 0)
#1 /Users/winson.heng/server-php/system/Database/BaseConnection.php(692): CodeIgniter\Database\MySQLi\Connection->execute('SELECT *\nFROM `...')
#2 /Users/winson.heng/server-php/system/Database/BaseConnection.php(606): CodeIgniter\Database\BaseConnection->simpleQuery('SELECT *\nFROM `...')
#3 /Users/winson.heng/server-php/system/Database/BaseBuilder.php(1616): CodeIgniter\Database\BaseConnection->query('SELECT *\nFROM `...', Array, false)
#4 /Users/winson.heng/server-php/app/Controllers/Api/Config.php(18): CodeIgniter\Database\BaseBuilder->get()
#5 /Users/winson.heng/server-php/system/CodeIgniter.php(932): App\Controllers\Api\Config->upgradeInfo()
#6 /Users/winson.heng/server-php/system/CodeIgniter.php(497): CodeIgniter\CodeIgniter->runController(Object(App\Controllers\Api\Config))
#7 /Users/winson.heng/server-php/system/CodeIgniter.php(366): CodeIgniter\CodeIgniter->handleRequest(NULL, Object(Config\Cache), false)
#8 /Users/winson.heng/server-php/public/index.php(67): CodeIgniter\CodeIgniter->run()
#9 /Users/winson.heng/server-php/system/Commands/Server/rewrite.php(47): require_once('/Users/winson.h...')
#10 {main}
CRITICAL - 2024-02-16 15:24:00 --> Table 'miromie.upgrade_info' doesn't exist
in SYSTEMPATH/Database/MySQLi/Connection.php on line 295.
 1 SYSTEMPATH/Database/MySQLi/Connection.php(295): mysqli->query('SELECT *
FROM `upgrade_info`', 0)
 2 SYSTEMPATH/Database/BaseConnection.php(692): CodeIgniter\Database\MySQLi\Connection->execute('SELECT *
FROM `upgrade_info`')
 3 SYSTEMPATH/Database/BaseConnection.php(606): CodeIgniter\Database\BaseConnection->simpleQuery('SELECT *
FROM `upgrade_info`')
 4 SYSTEMPATH/Database/BaseBuilder.php(1616): CodeIgniter\Database\BaseConnection->query('SELECT *
FROM `upgrade_info`', [], false)
 5 APPPATH/Controllers/Api/Config.php(18): CodeIgniter\Database\BaseBuilder->get()
 6 SYSTEMPATH/CodeIgniter.php(932): App\Controllers\Api\Config->upgradeInfo()
 7 SYSTEMPATH/CodeIgniter.php(497): CodeIgniter\CodeIgniter->runController(Object(App\Controllers\Api\Config))
 8 SYSTEMPATH/CodeIgniter.php(366): CodeIgniter\CodeIgniter->handleRequest(null, Object(Config\Cache), false)
 9 FCPATH/index.php(67): CodeIgniter\CodeIgniter->run()
10 SYSTEMPATH/Commands/Server/rewrite.php(47): require_once('/Users/winson.heng/server-php/public/index.php')
ERROR - 2024-02-16 15:25:35 --> mysqli_sql_exception: Table 'miromie.upgrade_info' doesn't exist in /Users/winson.heng/server-php/system/Database/MySQLi/Connection.php:295
Stack trace:
#0 /Users/winson.heng/server-php/system/Database/MySQLi/Connection.php(295): mysqli->query('SELECT *\nFROM `...', 0)
#1 /Users/winson.heng/server-php/system/Database/BaseConnection.php(692): CodeIgniter\Database\MySQLi\Connection->execute('SELECT *\nFROM `...')
#2 /Users/winson.heng/server-php/system/Database/BaseConnection.php(606): CodeIgniter\Database\BaseConnection->simpleQuery('SELECT *\nFROM `...')
#3 /Users/winson.heng/server-php/system/Database/BaseBuilder.php(1616): CodeIgniter\Database\BaseConnection->query('SELECT *\nFROM `...', Array, false)
#4 /Users/winson.heng/server-php/app/Controllers/Api/Config.php(18): CodeIgniter\Database\BaseBuilder->get()
#5 /Users/winson.heng/server-php/system/CodeIgniter.php(932): App\Controllers\Api\Config->upgradeInfo()
#6 /Users/winson.heng/server-php/system/CodeIgniter.php(497): CodeIgniter\CodeIgniter->runController(Object(App\Controllers\Api\Config))
#7 /Users/winson.heng/server-php/system/CodeIgniter.php(366): CodeIgniter\CodeIgniter->handleRequest(NULL, Object(Config\Cache), false)
#8 /Users/winson.heng/server-php/public/index.php(67): CodeIgniter\CodeIgniter->run()
#9 /Users/winson.heng/server-php/system/Commands/Server/rewrite.php(47): require_once('/Users/winson.h...')
#10 {main}
CRITICAL - 2024-02-16 15:25:37 --> Table 'miromie.upgrade_info' doesn't exist
in SYSTEMPATH/Database/MySQLi/Connection.php on line 295.
 1 SYSTEMPATH/Database/MySQLi/Connection.php(295): mysqli->query('SELECT *
FROM `upgrade_info`', 0)
 2 SYSTEMPATH/Database/BaseConnection.php(692): CodeIgniter\Database\MySQLi\Connection->execute('SELECT *
FROM `upgrade_info`')
 3 SYSTEMPATH/Database/BaseConnection.php(606): CodeIgniter\Database\BaseConnection->simpleQuery('SELECT *
FROM `upgrade_info`')
 4 SYSTEMPATH/Database/BaseBuilder.php(1616): CodeIgniter\Database\BaseConnection->query('SELECT *
FROM `upgrade_info`', [], false)
 5 APPPATH/Controllers/Api/Config.php(18): CodeIgniter\Database\BaseBuilder->get()
 6 SYSTEMPATH/CodeIgniter.php(932): App\Controllers\Api\Config->upgradeInfo()
 7 SYSTEMPATH/CodeIgniter.php(497): CodeIgniter\CodeIgniter->runController(Object(App\Controllers\Api\Config))
 8 SYSTEMPATH/CodeIgniter.php(366): CodeIgniter\CodeIgniter->handleRequest(null, Object(Config\Cache), false)
 9 FCPATH/index.php(67): CodeIgniter\CodeIgniter->run()
10 SYSTEMPATH/Commands/Server/rewrite.php(47): require_once('/Users/winson.heng/server-php/public/index.php')
