ERROR - 2024-01-29 13:22:44 --> Error connecting to the database: mysqli_sql_exception: Connection refused in /Users/winson.heng/server-php/system/Database/MySQLi/Connection.php:173
Stack trace:
#0 /Users/winson.heng/server-php/system/Database/MySQLi/Connection.php(173): mysqli->real_connect('184.168.98.206', 'miromie_root', Object(SensitiveParameterValue), 'miromie', 3306, '', 0)
#1 /Users/winson.heng/server-php/system/Database/BaseConnection.php(391): CodeIgniter\Database\MySQLi\Connection->connect(false)
#2 /Users/winson.heng/server-php/system/Database/BaseConnection.php(574): CodeIgniter\Database\BaseConnection->initialize()
#3 /Users/winson.heng/server-php/system/Database/BaseBuilder.php(1616): CodeIgniter\Database\BaseConnection->query('SELECT *\nFROM `...', Array, false)
#4 /Users/winson.heng/server-php/app/Models/Api/UserModel.php(94): CodeIgniter\Database\BaseBuilder->get()
#5 /Users/winson.heng/server-php/app/Models/Api/UserModel.php(72): App\Models\Api\UserModel->getUser('winson', 'username')
#6 /Users/winson.heng/server-php/app/Controllers/Api/Auth.php(26): App\Models\Api\UserModel->login(Array)
#7 /Users/winson.heng/server-php/system/CodeIgniter.php(932): App\Controllers\Api\Auth->login()
#8 /Users/winson.heng/server-php/system/CodeIgniter.php(497): CodeIgniter\CodeIgniter->runController(Object(App\Controllers\Api\Auth))
#9 /Users/winson.heng/server-php/system/CodeIgniter.php(366): CodeIgniter\CodeIgniter->handleRequest(NULL, Object(Config\Cache), false)
#10 /Users/winson.heng/server-php/public/index.php(67): CodeIgniter\CodeIgniter->run()
#11 /Users/winson.heng/server-php/system/Commands/Server/rewrite.php(47): require_once('/Users/winson.h...')
#12 {main}

Next CodeIgniter\Database\Exceptions\DatabaseException: Connection refused in /Users/winson.heng/server-php/system/Database/MySQLi/Connection.php:218
Stack trace:
#0 /Users/winson.heng/server-php/system/Database/BaseConnection.php(391): CodeIgniter\Database\MySQLi\Connection->connect(false)
#1 /Users/winson.heng/server-php/system/Database/BaseConnection.php(574): CodeIgniter\Database\BaseConnection->initialize()
#2 /Users/winson.heng/server-php/system/Database/BaseBuilder.php(1616): CodeIgniter\Database\BaseConnection->query('SELECT *\nFROM `...', Array, false)
#3 /Users/winson.heng/server-php/app/Models/Api/UserModel.php(94): CodeIgniter\Database\BaseBuilder->get()
#4 /Users/winson.heng/server-php/app/Models/Api/UserModel.php(72): App\Models\Api\UserModel->getUser('winson', 'username')
#5 /Users/winson.heng/server-php/app/Controllers/Api/Auth.php(26): App\Models\Api\UserModel->login(Array)
#6 /Users/winson.heng/server-php/system/CodeIgniter.php(932): App\Controllers\Api\Auth->login()
#7 /Users/winson.heng/server-php/system/CodeIgniter.php(497): CodeIgniter\CodeIgniter->runController(Object(App\Controllers\Api\Auth))
#8 /Users/winson.heng/server-php/system/CodeIgniter.php(366): CodeIgniter\CodeIgniter->handleRequest(NULL, Object(Config\Cache), false)
#9 /Users/winson.heng/server-php/public/index.php(67): CodeIgniter\CodeIgniter->run()
#10 /Users/winson.heng/server-php/system/Commands/Server/rewrite.php(47): require_once('/Users/winson.h...')
#11 {main}
CRITICAL - 2024-01-29 13:22:44 --> Unable to connect to the database.
Main connection [MySQLi]: Connection refused
in SYSTEMPATH/Database/BaseConnection.php on line 427.
 1 SYSTEMPATH/Database/BaseConnection.php(574): CodeIgniter\Database\BaseConnection->initialize()
 2 SYSTEMPATH/Database/BaseBuilder.php(1616): CodeIgniter\Database\BaseConnection->query('SELECT *
FROM `users`
WHERE `username` = :username:', [...], false)
 3 APPPATH/Models/Api/UserModel.php(94): CodeIgniter\Database\BaseBuilder->get()
 4 APPPATH/Models/Api/UserModel.php(72): App\Models\Api\UserModel->getUser('winson', 'username')
 5 APPPATH/Controllers/Api/Auth.php(26): App\Models\Api\UserModel->login([...])
 6 SYSTEMPATH/CodeIgniter.php(932): App\Controllers\Api\Auth->login()
 7 SYSTEMPATH/CodeIgniter.php(497): CodeIgniter\CodeIgniter->runController(Object(App\Controllers\Api\Auth))
 8 SYSTEMPATH/CodeIgniter.php(366): CodeIgniter\CodeIgniter->handleRequest(null, Object(Config\Cache), false)
 9 FCPATH/index.php(67): CodeIgniter\CodeIgniter->run()
10 SYSTEMPATH/Commands/Server/rewrite.php(47): require_once('/Users/winson.heng/server-php/public/index.php')
ERROR - 2024-01-29 13:22:51 --> Error connecting to the database: mysqli_sql_exception: Connection refused in /Users/winson.heng/server-php/system/Database/MySQLi/Connection.php:173
Stack trace:
#0 /Users/winson.heng/server-php/system/Database/MySQLi/Connection.php(173): mysqli->real_connect('184.168.98.206', 'miromie_root', Object(SensitiveParameterValue), 'miromie', 3306, '', 0)
#1 /Users/winson.heng/server-php/system/Database/BaseConnection.php(391): CodeIgniter\Database\MySQLi\Connection->connect(false)
#2 /Users/winson.heng/server-php/system/Database/BaseConnection.php(574): CodeIgniter\Database\BaseConnection->initialize()
#3 /Users/winson.heng/server-php/system/Database/BaseBuilder.php(1616): CodeIgniter\Database\BaseConnection->query('SELECT *\nFROM `...', Array, false)
#4 /Users/winson.heng/server-php/app/Models/Api/UserModel.php(94): CodeIgniter\Database\BaseBuilder->get()
#5 /Users/winson.heng/server-php/app/Models/Api/UserModel.php(72): App\Models\Api\UserModel->getUser('winson', 'username')
#6 /Users/winson.heng/server-php/app/Controllers/Api/Auth.php(26): App\Models\Api\UserModel->login(Array)
#7 /Users/winson.heng/server-php/system/CodeIgniter.php(932): App\Controllers\Api\Auth->login()
#8 /Users/winson.heng/server-php/system/CodeIgniter.php(497): CodeIgniter\CodeIgniter->runController(Object(App\Controllers\Api\Auth))
#9 /Users/winson.heng/server-php/system/CodeIgniter.php(366): CodeIgniter\CodeIgniter->handleRequest(NULL, Object(Config\Cache), false)
#10 /Users/winson.heng/server-php/public/index.php(67): CodeIgniter\CodeIgniter->run()
#11 /Users/winson.heng/server-php/system/Commands/Server/rewrite.php(47): require_once('/Users/winson.h...')
#12 {main}

Next CodeIgniter\Database\Exceptions\DatabaseException: Connection refused in /Users/winson.heng/server-php/system/Database/MySQLi/Connection.php:218
Stack trace:
#0 /Users/winson.heng/server-php/system/Database/BaseConnection.php(391): CodeIgniter\Database\MySQLi\Connection->connect(false)
#1 /Users/winson.heng/server-php/system/Database/BaseConnection.php(574): CodeIgniter\Database\BaseConnection->initialize()
#2 /Users/winson.heng/server-php/system/Database/BaseBuilder.php(1616): CodeIgniter\Database\BaseConnection->query('SELECT *\nFROM `...', Array, false)
#3 /Users/winson.heng/server-php/app/Models/Api/UserModel.php(94): CodeIgniter\Database\BaseBuilder->get()
#4 /Users/winson.heng/server-php/app/Models/Api/UserModel.php(72): App\Models\Api\UserModel->getUser('winson', 'username')
#5 /Users/winson.heng/server-php/app/Controllers/Api/Auth.php(26): App\Models\Api\UserModel->login(Array)
#6 /Users/winson.heng/server-php/system/CodeIgniter.php(932): App\Controllers\Api\Auth->login()
#7 /Users/winson.heng/server-php/system/CodeIgniter.php(497): CodeIgniter\CodeIgniter->runController(Object(App\Controllers\Api\Auth))
#8 /Users/winson.heng/server-php/system/CodeIgniter.php(366): CodeIgniter\CodeIgniter->handleRequest(NULL, Object(Config\Cache), false)
#9 /Users/winson.heng/server-php/public/index.php(67): CodeIgniter\CodeIgniter->run()
#10 /Users/winson.heng/server-php/system/Commands/Server/rewrite.php(47): require_once('/Users/winson.h...')
#11 {main}
CRITICAL - 2024-01-29 13:22:51 --> Unable to connect to the database.
Main connection [MySQLi]: Connection refused
in SYSTEMPATH/Database/BaseConnection.php on line 427.
 1 SYSTEMPATH/Database/BaseConnection.php(574): CodeIgniter\Database\BaseConnection->initialize()
 2 SYSTEMPATH/Database/BaseBuilder.php(1616): CodeIgniter\Database\BaseConnection->query('SELECT *
FROM `users`
WHERE `username` = :username:', [...], false)
 3 APPPATH/Models/Api/UserModel.php(94): CodeIgniter\Database\BaseBuilder->get()
 4 APPPATH/Models/Api/UserModel.php(72): App\Models\Api\UserModel->getUser('winson', 'username')
 5 APPPATH/Controllers/Api/Auth.php(26): App\Models\Api\UserModel->login([...])
 6 SYSTEMPATH/CodeIgniter.php(932): App\Controllers\Api\Auth->login()
 7 SYSTEMPATH/CodeIgniter.php(497): CodeIgniter\CodeIgniter->runController(Object(App\Controllers\Api\Auth))
 8 SYSTEMPATH/CodeIgniter.php(366): CodeIgniter\CodeIgniter->handleRequest(null, Object(Config\Cache), false)
 9 FCPATH/index.php(67): CodeIgniter\CodeIgniter->run()
10 SYSTEMPATH/Commands/Server/rewrite.php(47): require_once('/Users/winson.heng/server-php/public/index.php')
ERROR - 2024-01-29 13:23:38 --> Error connecting to the database: mysqli_sql_exception: Connection refused in /Users/winson.heng/server-php/system/Database/MySQLi/Connection.php:173
Stack trace:
#0 /Users/winson.heng/server-php/system/Database/MySQLi/Connection.php(173): mysqli->real_connect('184.168.98.206', 'miromie_root', Object(SensitiveParameterValue), 'miromie', 3306, '', 0)
#1 /Users/winson.heng/server-php/system/Database/BaseConnection.php(391): CodeIgniter\Database\MySQLi\Connection->connect(false)
#2 /Users/winson.heng/server-php/system/Database/BaseConnection.php(574): CodeIgniter\Database\BaseConnection->initialize()
#3 /Users/winson.heng/server-php/system/Database/BaseBuilder.php(1616): CodeIgniter\Database\BaseConnection->query('SELECT *\nFROM `...', Array, false)
#4 /Users/winson.heng/server-php/app/Models/Api/UserModel.php(94): CodeIgniter\Database\BaseBuilder->get()
#5 /Users/winson.heng/server-php/app/Models/Api/UserModel.php(72): App\Models\Api\UserModel->getUser('winson', 'username')
#6 /Users/winson.heng/server-php/app/Controllers/Api/Auth.php(26): App\Models\Api\UserModel->login(Array)
#7 /Users/winson.heng/server-php/system/CodeIgniter.php(932): App\Controllers\Api\Auth->login()
#8 /Users/winson.heng/server-php/system/CodeIgniter.php(497): CodeIgniter\CodeIgniter->runController(Object(App\Controllers\Api\Auth))
#9 /Users/winson.heng/server-php/system/CodeIgniter.php(366): CodeIgniter\CodeIgniter->handleRequest(NULL, Object(Config\Cache), false)
#10 /Users/winson.heng/server-php/public/index.php(67): CodeIgniter\CodeIgniter->run()
#11 /Users/winson.heng/server-php/system/Commands/Server/rewrite.php(47): require_once('/Users/winson.h...')
#12 {main}

Next CodeIgniter\Database\Exceptions\DatabaseException: Connection refused in /Users/winson.heng/server-php/system/Database/MySQLi/Connection.php:218
Stack trace:
#0 /Users/winson.heng/server-php/system/Database/BaseConnection.php(391): CodeIgniter\Database\MySQLi\Connection->connect(false)
#1 /Users/winson.heng/server-php/system/Database/BaseConnection.php(574): CodeIgniter\Database\BaseConnection->initialize()
#2 /Users/winson.heng/server-php/system/Database/BaseBuilder.php(1616): CodeIgniter\Database\BaseConnection->query('SELECT *\nFROM `...', Array, false)
#3 /Users/winson.heng/server-php/app/Models/Api/UserModel.php(94): CodeIgniter\Database\BaseBuilder->get()
#4 /Users/winson.heng/server-php/app/Models/Api/UserModel.php(72): App\Models\Api\UserModel->getUser('winson', 'username')
#5 /Users/winson.heng/server-php/app/Controllers/Api/Auth.php(26): App\Models\Api\UserModel->login(Array)
#6 /Users/winson.heng/server-php/system/CodeIgniter.php(932): App\Controllers\Api\Auth->login()
#7 /Users/winson.heng/server-php/system/CodeIgniter.php(497): CodeIgniter\CodeIgniter->runController(Object(App\Controllers\Api\Auth))
#8 /Users/winson.heng/server-php/system/CodeIgniter.php(366): CodeIgniter\CodeIgniter->handleRequest(NULL, Object(Config\Cache), false)
#9 /Users/winson.heng/server-php/public/index.php(67): CodeIgniter\CodeIgniter->run()
#10 /Users/winson.heng/server-php/system/Commands/Server/rewrite.php(47): require_once('/Users/winson.h...')
#11 {main}
CRITICAL - 2024-01-29 13:23:38 --> Unable to connect to the database.
Main connection [MySQLi]: Connection refused
in SYSTEMPATH/Database/BaseConnection.php on line 427.
 1 SYSTEMPATH/Database/BaseConnection.php(574): CodeIgniter\Database\BaseConnection->initialize()
 2 SYSTEMPATH/Database/BaseBuilder.php(1616): CodeIgniter\Database\BaseConnection->query('SELECT *
FROM `users`
WHERE `username` = :username:', [...], false)
 3 APPPATH/Models/Api/UserModel.php(94): CodeIgniter\Database\BaseBuilder->get()
 4 APPPATH/Models/Api/UserModel.php(72): App\Models\Api\UserModel->getUser('winson', 'username')
 5 APPPATH/Controllers/Api/Auth.php(26): App\Models\Api\UserModel->login([...])
 6 SYSTEMPATH/CodeIgniter.php(932): App\Controllers\Api\Auth->login()
 7 SYSTEMPATH/CodeIgniter.php(497): CodeIgniter\CodeIgniter->runController(Object(App\Controllers\Api\Auth))
 8 SYSTEMPATH/CodeIgniter.php(366): CodeIgniter\CodeIgniter->handleRequest(null, Object(Config\Cache), false)
 9 FCPATH/index.php(67): CodeIgniter\CodeIgniter->run()
10 SYSTEMPATH/Commands/Server/rewrite.php(47): require_once('/Users/winson.heng/server-php/public/index.php')
