ERROR - 2023-10-23 13:45:00 --> mysqli_sql_exception: Table 'miromie-local.reports' doesn't exist in /Users/winson.heng/server-php/system/Database/MySQLi/Connection.php:295
Stack trace:
#0 /Users/winson.heng/server-php/system/Database/MySQLi/Connection.php(295): mysqli->query('INSERT INTO `re...', 0)
#1 /Users/winson.heng/server-php/system/Database/BaseConnection.php(692): CodeIgniter\Database\MySQLi\Connection->execute('INSERT INTO `re...')
#2 /Users/winson.heng/server-php/system/Database/BaseConnection.php(606): CodeIgniter\Database\BaseConnection->simpleQuery('INSERT INTO `re...')
#3 /Users/winson.heng/server-php/system/Database/BaseBuilder.php(2309): CodeIgniter\Database\BaseConnection->query('INSERT INTO `re...', Array, false)
#4 /Users/winson.heng/server-php/app/Models/Api/ReportsModel.php(23): CodeIgniter\Database\BaseBuilder->insert(Array)
#5 /Users/winson.heng/server-php/app/Controllers/Api/Privacy.php(36): App\Models\Api\ReportsModel->add(Array)
#6 /Users/winson.heng/server-php/system/CodeIgniter.php(932): App\Controllers\Api\Privacy->reportContent()
#7 /Users/winson.heng/server-php/system/CodeIgniter.php(497): CodeIgniter\CodeIgniter->runController(Object(App\Controllers\Api\Privacy))
#8 /Users/winson.heng/server-php/system/CodeIgniter.php(366): CodeIgniter\CodeIgniter->handleRequest(NULL, Object(Config\Cache), false)
#9 /Users/winson.heng/server-php/public/index.php(67): CodeIgniter\CodeIgniter->run()
#10 /Users/winson.heng/server-php/system/Commands/Server/rewrite.php(47): require_once('/Users/winson.h...')
#11 {main}
CRITICAL - 2023-10-23 13:45:00 --> Table 'miromie-local.reports' doesn't exist
in SYSTEMPATH/Database/MySQLi/Connection.php on line 295.
 1 SYSTEMPATH/Database/MySQLi/Connection.php(295): mysqli->query('INSERT INTO `reports` (`report_type`, `type_id`, `reason`, `reported_by`) VALUES (NULL, NULL, NULL, \'11\')', 0)
 2 SYSTEMPATH/Database/BaseConnection.php(692): CodeIgniter\Database\MySQLi\Connection->execute('INSERT INTO `reports` (`report_type`, `type_id`, `reason`, `reported_by`) VALUES (NULL, NULL, NULL, \'11\')')
 3 SYSTEMPATH/Database/BaseConnection.php(606): CodeIgniter\Database\BaseConnection->simpleQuery('INSERT INTO `reports` (`report_type`, `type_id`, `reason`, `reported_by`) VALUES (NULL, NULL, NULL, \'11\')')
 4 SYSTEMPATH/Database/BaseBuilder.php(2309): CodeIgniter\Database\BaseConnection->query('INSERT INTO `reports` (`report_type`, `type_id`, `reason`, `reported_by`) VALUES (:report_type:, :type_id:, :reason:, :reported_by:)', [...], false)
 5 APPPATH/Models/Api/ReportsModel.php(23): CodeIgniter\Database\BaseBuilder->insert([...])
 6 APPPATH/Controllers/Api/Privacy.php(36): App\Models\Api\ReportsModel->add([...])
 7 SYSTEMPATH/CodeIgniter.php(932): App\Controllers\Api\Privacy->reportContent()
 8 SYSTEMPATH/CodeIgniter.php(497): CodeIgniter\CodeIgniter->runController(Object(App\Controllers\Api\Privacy))
 9 SYSTEMPATH/CodeIgniter.php(366): CodeIgniter\CodeIgniter->handleRequest(null, Object(Config\Cache), false)
10 FCPATH/index.php(67): CodeIgniter\CodeIgniter->run()
11 SYSTEMPATH/Commands/Server/rewrite.php(47): require_once('/Users/winson.heng/server-php/public/index.php')
ERROR - 2023-10-23 13:45:42 --> mysqli_sql_exception: Referencing column 'reported_by' and referenced column 'id' in foreign key constraint 'reports_reported_by_foreign' are incompatible. in /Users/winson.heng/server-php/system/Database/MySQLi/Connection.php:295
Stack trace:
#0 /Users/winson.heng/server-php/system/Database/MySQLi/Connection.php(295): mysqli->query('CREATE TABLE `r...', 0)
#1 /Users/winson.heng/server-php/system/Database/BaseConnection.php(692): CodeIgniter\Database\MySQLi\Connection->execute('CREATE TABLE `r...')
#2 /Users/winson.heng/server-php/system/Database/BaseConnection.php(606): CodeIgniter\Database\BaseConnection->simpleQuery('CREATE TABLE `r...')
#3 /Users/winson.heng/server-php/system/Database/Forge.php(546): CodeIgniter\Database\BaseConnection->query('CREATE TABLE `r...')
#4 /Users/winson.heng/server-php/app/Database/Migrations/2023-10-23-131006_AddReportedContentTable.php(40): CodeIgniter\Database\Forge->createTable('reports', true)
#5 /Users/winson.heng/server-php/system/Database/MigrationRunner.php(877): App\Database\Migrations\AddReportedContentTable->up()
#6 /Users/winson.heng/server-php/system/Database/MigrationRunner.php(188): CodeIgniter\Database\MigrationRunner->migrate('up', Object(stdClass))
#7 /Users/winson.heng/server-php/system/Commands/Database/Migrate.php(84): CodeIgniter\Database\MigrationRunner->latest(NULL)
#8 /Users/winson.heng/server-php/system/CLI/Commands.php(65): CodeIgniter\Commands\Database\Migrate->run(Array)
#9 /Users/winson.heng/server-php/system/CLI/Console.php(37): CodeIgniter\CLI\Commands->run('migrate', Array)
#10 /Users/winson.heng/server-php/spark(97): CodeIgniter\CLI\Console->run()
#11 {main}
ERROR - 2023-10-23 13:46:25 --> mysqli_sql_exception: Column 'report_type' cannot be null in /Users/winson.heng/server-php/system/Database/MySQLi/Connection.php:295
Stack trace:
#0 /Users/winson.heng/server-php/system/Database/MySQLi/Connection.php(295): mysqli->query('INSERT INTO `re...', 0)
#1 /Users/winson.heng/server-php/system/Database/BaseConnection.php(692): CodeIgniter\Database\MySQLi\Connection->execute('INSERT INTO `re...')
#2 /Users/winson.heng/server-php/system/Database/BaseConnection.php(606): CodeIgniter\Database\BaseConnection->simpleQuery('INSERT INTO `re...')
#3 /Users/winson.heng/server-php/system/Database/BaseBuilder.php(2309): CodeIgniter\Database\BaseConnection->query('INSERT INTO `re...', Array, false)
#4 /Users/winson.heng/server-php/app/Models/Api/ReportsModel.php(23): CodeIgniter\Database\BaseBuilder->insert(Array)
#5 /Users/winson.heng/server-php/app/Controllers/Api/Privacy.php(36): App\Models\Api\ReportsModel->add(Array)
#6 /Users/winson.heng/server-php/system/CodeIgniter.php(932): App\Controllers\Api\Privacy->reportContent()
#7 /Users/winson.heng/server-php/system/CodeIgniter.php(497): CodeIgniter\CodeIgniter->runController(Object(App\Controllers\Api\Privacy))
#8 /Users/winson.heng/server-php/system/CodeIgniter.php(366): CodeIgniter\CodeIgniter->handleRequest(NULL, Object(Config\Cache), false)
#9 /Users/winson.heng/server-php/public/index.php(67): CodeIgniter\CodeIgniter->run()
#10 /Users/winson.heng/server-php/system/Commands/Server/rewrite.php(47): require_once('/Users/winson.h...')
#11 {main}
CRITICAL - 2023-10-23 13:46:25 --> Column 'report_type' cannot be null
in SYSTEMPATH/Database/MySQLi/Connection.php on line 295.
 1 SYSTEMPATH/Database/MySQLi/Connection.php(295): mysqli->query('INSERT INTO `reports` (`report_type`, `type_id`, `reason`, `reported_by`) VALUES (NULL, NULL, NULL, \'11\')', 0)
 2 SYSTEMPATH/Database/BaseConnection.php(692): CodeIgniter\Database\MySQLi\Connection->execute('INSERT INTO `reports` (`report_type`, `type_id`, `reason`, `reported_by`) VALUES (NULL, NULL, NULL, \'11\')')
 3 SYSTEMPATH/Database/BaseConnection.php(606): CodeIgniter\Database\BaseConnection->simpleQuery('INSERT INTO `reports` (`report_type`, `type_id`, `reason`, `reported_by`) VALUES (NULL, NULL, NULL, \'11\')')
 4 SYSTEMPATH/Database/BaseBuilder.php(2309): CodeIgniter\Database\BaseConnection->query('INSERT INTO `reports` (`report_type`, `type_id`, `reason`, `reported_by`) VALUES (:report_type:, :type_id:, :reason:, :reported_by:)', [...], false)
 5 APPPATH/Models/Api/ReportsModel.php(23): CodeIgniter\Database\BaseBuilder->insert([...])
 6 APPPATH/Controllers/Api/Privacy.php(36): App\Models\Api\ReportsModel->add([...])
 7 SYSTEMPATH/CodeIgniter.php(932): App\Controllers\Api\Privacy->reportContent()
 8 SYSTEMPATH/CodeIgniter.php(497): CodeIgniter\CodeIgniter->runController(Object(App\Controllers\Api\Privacy))
 9 SYSTEMPATH/CodeIgniter.php(366): CodeIgniter\CodeIgniter->handleRequest(null, Object(Config\Cache), false)
10 FCPATH/index.php(67): CodeIgniter\CodeIgniter->run()
11 SYSTEMPATH/Commands/Server/rewrite.php(47): require_once('/Users/winson.heng/server-php/public/index.php')
ERROR - 2023-10-23 13:46:37 --> mysqli_sql_exception: Column 'report_type' cannot be null in /Users/winson.heng/server-php/system/Database/MySQLi/Connection.php:295
Stack trace:
#0 /Users/winson.heng/server-php/system/Database/MySQLi/Connection.php(295): mysqli->query('INSERT INTO `re...', 0)
#1 /Users/winson.heng/server-php/system/Database/BaseConnection.php(692): CodeIgniter\Database\MySQLi\Connection->execute('INSERT INTO `re...')
#2 /Users/winson.heng/server-php/system/Database/BaseConnection.php(606): CodeIgniter\Database\BaseConnection->simpleQuery('INSERT INTO `re...')
#3 /Users/winson.heng/server-php/system/Database/BaseBuilder.php(2309): CodeIgniter\Database\BaseConnection->query('INSERT INTO `re...', Array, false)
#4 /Users/winson.heng/server-php/app/Models/Api/ReportsModel.php(23): CodeIgniter\Database\BaseBuilder->insert(Array)
#5 /Users/winson.heng/server-php/app/Controllers/Api/Privacy.php(36): App\Models\Api\ReportsModel->add(Array)
#6 /Users/winson.heng/server-php/system/CodeIgniter.php(932): App\Controllers\Api\Privacy->reportContent()
#7 /Users/winson.heng/server-php/system/CodeIgniter.php(497): CodeIgniter\CodeIgniter->runController(Object(App\Controllers\Api\Privacy))
#8 /Users/winson.heng/server-php/system/CodeIgniter.php(366): CodeIgniter\CodeIgniter->handleRequest(NULL, Object(Config\Cache), false)
#9 /Users/winson.heng/server-php/public/index.php(67): CodeIgniter\CodeIgniter->run()
#10 /Users/winson.heng/server-php/system/Commands/Server/rewrite.php(47): require_once('/Users/winson.h...')
#11 {main}
CRITICAL - 2023-10-23 13:46:37 --> Column 'report_type' cannot be null
in SYSTEMPATH/Database/MySQLi/Connection.php on line 295.
 1 SYSTEMPATH/Database/MySQLi/Connection.php(295): mysqli->query('INSERT INTO `reports` (`report_type`, `type_id`, `reason`, `reported_by`) VALUES (NULL, NULL, NULL, \'11\')', 0)
 2 SYSTEMPATH/Database/BaseConnection.php(692): CodeIgniter\Database\MySQLi\Connection->execute('INSERT INTO `reports` (`report_type`, `type_id`, `reason`, `reported_by`) VALUES (NULL, NULL, NULL, \'11\')')
 3 SYSTEMPATH/Database/BaseConnection.php(606): CodeIgniter\Database\BaseConnection->simpleQuery('INSERT INTO `reports` (`report_type`, `type_id`, `reason`, `reported_by`) VALUES (NULL, NULL, NULL, \'11\')')
 4 SYSTEMPATH/Database/BaseBuilder.php(2309): CodeIgniter\Database\BaseConnection->query('INSERT INTO `reports` (`report_type`, `type_id`, `reason`, `reported_by`) VALUES (:report_type:, :type_id:, :reason:, :reported_by:)', [...], false)
 5 APPPATH/Models/Api/ReportsModel.php(23): CodeIgniter\Database\BaseBuilder->insert([...])
 6 APPPATH/Controllers/Api/Privacy.php(36): App\Models\Api\ReportsModel->add([...])
 7 SYSTEMPATH/CodeIgniter.php(932): App\Controllers\Api\Privacy->reportContent()
 8 SYSTEMPATH/CodeIgniter.php(497): CodeIgniter\CodeIgniter->runController(Object(App\Controllers\Api\Privacy))
 9 SYSTEMPATH/CodeIgniter.php(366): CodeIgniter\CodeIgniter->handleRequest(null, Object(Config\Cache), false)
10 FCPATH/index.php(67): CodeIgniter\CodeIgniter->run()
11 SYSTEMPATH/Commands/Server/rewrite.php(47): require_once('/Users/winson.heng/server-php/public/index.php')
ERROR - 2023-10-23 13:47:57 --> mysqli_sql_exception: Column 'report_type' cannot be null in /Users/winson.heng/server-php/system/Database/MySQLi/Connection.php:295
Stack trace:
#0 /Users/winson.heng/server-php/system/Database/MySQLi/Connection.php(295): mysqli->query('INSERT INTO `re...', 0)
#1 /Users/winson.heng/server-php/system/Database/BaseConnection.php(692): CodeIgniter\Database\MySQLi\Connection->execute('INSERT INTO `re...')
#2 /Users/winson.heng/server-php/system/Database/BaseConnection.php(606): CodeIgniter\Database\BaseConnection->simpleQuery('INSERT INTO `re...')
#3 /Users/winson.heng/server-php/system/Database/BaseBuilder.php(2309): CodeIgniter\Database\BaseConnection->query('INSERT INTO `re...', Array, false)
#4 /Users/winson.heng/server-php/app/Models/Api/ReportsModel.php(23): CodeIgniter\Database\BaseBuilder->insert(Array)
#5 /Users/winson.heng/server-php/app/Controllers/Api/Privacy.php(37): App\Models\Api\ReportsModel->add(Array)
#6 /Users/winson.heng/server-php/system/CodeIgniter.php(932): App\Controllers\Api\Privacy->reportContent()
#7 /Users/winson.heng/server-php/system/CodeIgniter.php(497): CodeIgniter\CodeIgniter->runController(Object(App\Controllers\Api\Privacy))
#8 /Users/winson.heng/server-php/system/CodeIgniter.php(366): CodeIgniter\CodeIgniter->handleRequest(NULL, Object(Config\Cache), false)
#9 /Users/winson.heng/server-php/public/index.php(67): CodeIgniter\CodeIgniter->run()
#10 /Users/winson.heng/server-php/system/Commands/Server/rewrite.php(47): require_once('/Users/winson.h...')
#11 {main}
CRITICAL - 2023-10-23 13:47:57 --> Column 'report_type' cannot be null
in SYSTEMPATH/Database/MySQLi/Connection.php on line 295.
 1 SYSTEMPATH/Database/MySQLi/Connection.php(295): mysqli->query('INSERT INTO `reports` (`report_type`, `type_id`, `reason`, `reported_by`) VALUES (NULL, NULL, NULL, \'11\')', 0)
 2 SYSTEMPATH/Database/BaseConnection.php(692): CodeIgniter\Database\MySQLi\Connection->execute('INSERT INTO `reports` (`report_type`, `type_id`, `reason`, `reported_by`) VALUES (NULL, NULL, NULL, \'11\')')
 3 SYSTEMPATH/Database/BaseConnection.php(606): CodeIgniter\Database\BaseConnection->simpleQuery('INSERT INTO `reports` (`report_type`, `type_id`, `reason`, `reported_by`) VALUES (NULL, NULL, NULL, \'11\')')
 4 SYSTEMPATH/Database/BaseBuilder.php(2309): CodeIgniter\Database\BaseConnection->query('INSERT INTO `reports` (`report_type`, `type_id`, `reason`, `reported_by`) VALUES (:report_type:, :type_id:, :reason:, :reported_by:)', [...], false)
 5 APPPATH/Models/Api/ReportsModel.php(23): CodeIgniter\Database\BaseBuilder->insert([...])
 6 APPPATH/Controllers/Api/Privacy.php(37): App\Models\Api\ReportsModel->add([...])
 7 SYSTEMPATH/CodeIgniter.php(932): App\Controllers\Api\Privacy->reportContent()
 8 SYSTEMPATH/CodeIgniter.php(497): CodeIgniter\CodeIgniter->runController(Object(App\Controllers\Api\Privacy))
 9 SYSTEMPATH/CodeIgniter.php(366): CodeIgniter\CodeIgniter->handleRequest(null, Object(Config\Cache), false)
10 FCPATH/index.php(67): CodeIgniter\CodeIgniter->run()
11 SYSTEMPATH/Commands/Server/rewrite.php(47): require_once('/Users/winson.heng/server-php/public/index.php')
ERROR - 2023-10-23 13:48:18 --> mysqli_sql_exception: Column 'report_type' cannot be null in /Users/winson.heng/server-php/system/Database/MySQLi/Connection.php:295
Stack trace:
#0 /Users/winson.heng/server-php/system/Database/MySQLi/Connection.php(295): mysqli->query('INSERT INTO `re...', 0)
#1 /Users/winson.heng/server-php/system/Database/BaseConnection.php(692): CodeIgniter\Database\MySQLi\Connection->execute('INSERT INTO `re...')
#2 /Users/winson.heng/server-php/system/Database/BaseConnection.php(606): CodeIgniter\Database\BaseConnection->simpleQuery('INSERT INTO `re...')
#3 /Users/winson.heng/server-php/system/Database/BaseBuilder.php(2309): CodeIgniter\Database\BaseConnection->query('INSERT INTO `re...', Array, false)
#4 /Users/winson.heng/server-php/app/Models/Api/ReportsModel.php(23): CodeIgniter\Database\BaseBuilder->insert(Array)
#5 /Users/winson.heng/server-php/app/Controllers/Api/Privacy.php(37): App\Models\Api\ReportsModel->add(Array)
#6 /Users/winson.heng/server-php/system/CodeIgniter.php(932): App\Controllers\Api\Privacy->reportContent()
#7 /Users/winson.heng/server-php/system/CodeIgniter.php(497): CodeIgniter\CodeIgniter->runController(Object(App\Controllers\Api\Privacy))
#8 /Users/winson.heng/server-php/system/CodeIgniter.php(366): CodeIgniter\CodeIgniter->handleRequest(NULL, Object(Config\Cache), false)
#9 /Users/winson.heng/server-php/public/index.php(67): CodeIgniter\CodeIgniter->run()
#10 /Users/winson.heng/server-php/system/Commands/Server/rewrite.php(47): require_once('/Users/winson.h...')
#11 {main}
CRITICAL - 2023-10-23 13:48:18 --> Column 'report_type' cannot be null
in SYSTEMPATH/Database/MySQLi/Connection.php on line 295.
 1 SYSTEMPATH/Database/MySQLi/Connection.php(295): mysqli->query('INSERT INTO `reports` (`report_type`, `type_id`, `reason`, `reported_by`) VALUES (NULL, NULL, NULL, \'11\')', 0)
 2 SYSTEMPATH/Database/BaseConnection.php(692): CodeIgniter\Database\MySQLi\Connection->execute('INSERT INTO `reports` (`report_type`, `type_id`, `reason`, `reported_by`) VALUES (NULL, NULL, NULL, \'11\')')
 3 SYSTEMPATH/Database/BaseConnection.php(606): CodeIgniter\Database\BaseConnection->simpleQuery('INSERT INTO `reports` (`report_type`, `type_id`, `reason`, `reported_by`) VALUES (NULL, NULL, NULL, \'11\')')
 4 SYSTEMPATH/Database/BaseBuilder.php(2309): CodeIgniter\Database\BaseConnection->query('INSERT INTO `reports` (`report_type`, `type_id`, `reason`, `reported_by`) VALUES (:report_type:, :type_id:, :reason:, :reported_by:)', [...], false)
 5 APPPATH/Models/Api/ReportsModel.php(23): CodeIgniter\Database\BaseBuilder->insert([...])
 6 APPPATH/Controllers/Api/Privacy.php(37): App\Models\Api\ReportsModel->add([...])
 7 SYSTEMPATH/CodeIgniter.php(932): App\Controllers\Api\Privacy->reportContent()
 8 SYSTEMPATH/CodeIgniter.php(497): CodeIgniter\CodeIgniter->runController(Object(App\Controllers\Api\Privacy))
 9 SYSTEMPATH/CodeIgniter.php(366): CodeIgniter\CodeIgniter->handleRequest(null, Object(Config\Cache), false)
10 FCPATH/index.php(67): CodeIgniter\CodeIgniter->run()
11 SYSTEMPATH/Commands/Server/rewrite.php(47): require_once('/Users/winson.heng/server-php/public/index.php')
ERROR - 2023-10-23 13:50:06 --> mysqli_sql_exception: Column 'report_type' cannot be null in /Users/winson.heng/server-php/system/Database/MySQLi/Connection.php:295
Stack trace:
#0 /Users/winson.heng/server-php/system/Database/MySQLi/Connection.php(295): mysqli->query('INSERT INTO `re...', 0)
#1 /Users/winson.heng/server-php/system/Database/BaseConnection.php(692): CodeIgniter\Database\MySQLi\Connection->execute('INSERT INTO `re...')
#2 /Users/winson.heng/server-php/system/Database/BaseConnection.php(606): CodeIgniter\Database\BaseConnection->simpleQuery('INSERT INTO `re...')
#3 /Users/winson.heng/server-php/system/Database/BaseBuilder.php(2309): CodeIgniter\Database\BaseConnection->query('INSERT INTO `re...', Array, false)
#4 /Users/winson.heng/server-php/app/Models/Api/ReportsModel.php(23): CodeIgniter\Database\BaseBuilder->insert(Array)
#5 /Users/winson.heng/server-php/app/Controllers/Api/Privacy.php(37): App\Models\Api\ReportsModel->add(Array)
#6 /Users/winson.heng/server-php/system/CodeIgniter.php(932): App\Controllers\Api\Privacy->reportContent()
#7 /Users/winson.heng/server-php/system/CodeIgniter.php(497): CodeIgniter\CodeIgniter->runController(Object(App\Controllers\Api\Privacy))
#8 /Users/winson.heng/server-php/system/CodeIgniter.php(366): CodeIgniter\CodeIgniter->handleRequest(NULL, Object(Config\Cache), false)
#9 /Users/winson.heng/server-php/public/index.php(67): CodeIgniter\CodeIgniter->run()
#10 /Users/winson.heng/server-php/system/Commands/Server/rewrite.php(47): require_once('/Users/winson.h...')
#11 {main}
CRITICAL - 2023-10-23 13:50:06 --> Column 'report_type' cannot be null
in SYSTEMPATH/Database/MySQLi/Connection.php on line 295.
 1 SYSTEMPATH/Database/MySQLi/Connection.php(295): mysqli->query('INSERT INTO `reports` (`report_type`, `type_id`, `reason`, `reported_by`) VALUES (NULL, NULL, NULL, \'11\')', 0)
 2 SYSTEMPATH/Database/BaseConnection.php(692): CodeIgniter\Database\MySQLi\Connection->execute('INSERT INTO `reports` (`report_type`, `type_id`, `reason`, `reported_by`) VALUES (NULL, NULL, NULL, \'11\')')
 3 SYSTEMPATH/Database/BaseConnection.php(606): CodeIgniter\Database\BaseConnection->simpleQuery('INSERT INTO `reports` (`report_type`, `type_id`, `reason`, `reported_by`) VALUES (NULL, NULL, NULL, \'11\')')
 4 SYSTEMPATH/Database/BaseBuilder.php(2309): CodeIgniter\Database\BaseConnection->query('INSERT INTO `reports` (`report_type`, `type_id`, `reason`, `reported_by`) VALUES (:report_type:, :type_id:, :reason:, :reported_by:)', [...], false)
 5 APPPATH/Models/Api/ReportsModel.php(23): CodeIgniter\Database\BaseBuilder->insert([...])
 6 APPPATH/Controllers/Api/Privacy.php(37): App\Models\Api\ReportsModel->add([...])
 7 SYSTEMPATH/CodeIgniter.php(932): App\Controllers\Api\Privacy->reportContent()
 8 SYSTEMPATH/CodeIgniter.php(497): CodeIgniter\CodeIgniter->runController(Object(App\Controllers\Api\Privacy))
 9 SYSTEMPATH/CodeIgniter.php(366): CodeIgniter\CodeIgniter->handleRequest(null, Object(Config\Cache), false)
10 FCPATH/index.php(67): CodeIgniter\CodeIgniter->run()
11 SYSTEMPATH/Commands/Server/rewrite.php(47): require_once('/Users/winson.heng/server-php/public/index.php')
ERROR - 2023-10-23 13:56:41 --> mysqli_sql_exception: Column 'report_type' cannot be null in /Users/winson.heng/server-php/system/Database/MySQLi/Connection.php:295
Stack trace:
#0 /Users/winson.heng/server-php/system/Database/MySQLi/Connection.php(295): mysqli->query('INSERT INTO `re...', 0)
#1 /Users/winson.heng/server-php/system/Database/BaseConnection.php(692): CodeIgniter\Database\MySQLi\Connection->execute('INSERT INTO `re...')
#2 /Users/winson.heng/server-php/system/Database/BaseConnection.php(606): CodeIgniter\Database\BaseConnection->simpleQuery('INSERT INTO `re...')
#3 /Users/winson.heng/server-php/system/Database/BaseBuilder.php(2309): CodeIgniter\Database\BaseConnection->query('INSERT INTO `re...', Array, false)
#4 /Users/winson.heng/server-php/app/Models/Api/ReportsModel.php(23): CodeIgniter\Database\BaseBuilder->insert(Array)
#5 /Users/winson.heng/server-php/app/Controllers/Api/Privacy.php(37): App\Models\Api\ReportsModel->add(Array)
#6 /Users/winson.heng/server-php/system/CodeIgniter.php(932): App\Controllers\Api\Privacy->reportContent()
#7 /Users/winson.heng/server-php/system/CodeIgniter.php(497): CodeIgniter\CodeIgniter->runController(Object(App\Controllers\Api\Privacy))
#8 /Users/winson.heng/server-php/system/CodeIgniter.php(366): CodeIgniter\CodeIgniter->handleRequest(NULL, Object(Config\Cache), false)
#9 /Users/winson.heng/server-php/public/index.php(67): CodeIgniter\CodeIgniter->run()
#10 /Users/winson.heng/server-php/system/Commands/Server/rewrite.php(47): require_once('/Users/winson.h...')
#11 {main}
CRITICAL - 2023-10-23 13:56:41 --> Column 'report_type' cannot be null
in SYSTEMPATH/Database/MySQLi/Connection.php on line 295.
 1 SYSTEMPATH/Database/MySQLi/Connection.php(295): mysqli->query('INSERT INTO `reports` (`report_type`, `type_id`, `reason`, `reported_by`) VALUES (NULL, NULL, NULL, \'11\')', 0)
 2 SYSTEMPATH/Database/BaseConnection.php(692): CodeIgniter\Database\MySQLi\Connection->execute('INSERT INTO `reports` (`report_type`, `type_id`, `reason`, `reported_by`) VALUES (NULL, NULL, NULL, \'11\')')
 3 SYSTEMPATH/Database/BaseConnection.php(606): CodeIgniter\Database\BaseConnection->simpleQuery('INSERT INTO `reports` (`report_type`, `type_id`, `reason`, `reported_by`) VALUES (NULL, NULL, NULL, \'11\')')
 4 SYSTEMPATH/Database/BaseBuilder.php(2309): CodeIgniter\Database\BaseConnection->query('INSERT INTO `reports` (`report_type`, `type_id`, `reason`, `reported_by`) VALUES (:report_type:, :type_id:, :reason:, :reported_by:)', [...], false)
 5 APPPATH/Models/Api/ReportsModel.php(23): CodeIgniter\Database\BaseBuilder->insert([...])
 6 APPPATH/Controllers/Api/Privacy.php(37): App\Models\Api\ReportsModel->add([...])
 7 SYSTEMPATH/CodeIgniter.php(932): App\Controllers\Api\Privacy->reportContent()
 8 SYSTEMPATH/CodeIgniter.php(497): CodeIgniter\CodeIgniter->runController(Object(App\Controllers\Api\Privacy))
 9 SYSTEMPATH/CodeIgniter.php(366): CodeIgniter\CodeIgniter->handleRequest(null, Object(Config\Cache), false)
10 FCPATH/index.php(67): CodeIgniter\CodeIgniter->run()
11 SYSTEMPATH/Commands/Server/rewrite.php(47): require_once('/Users/winson.heng/server-php/public/index.php')
ERROR - 2023-10-23 13:57:52 --> mysqli_sql_exception: Column 'report_type' cannot be null in /Users/winson.heng/server-php/system/Database/MySQLi/Connection.php:295
Stack trace:
#0 /Users/winson.heng/server-php/system/Database/MySQLi/Connection.php(295): mysqli->query('INSERT INTO `re...', 0)
#1 /Users/winson.heng/server-php/system/Database/BaseConnection.php(692): CodeIgniter\Database\MySQLi\Connection->execute('INSERT INTO `re...')
#2 /Users/winson.heng/server-php/system/Database/BaseConnection.php(606): CodeIgniter\Database\BaseConnection->simpleQuery('INSERT INTO `re...')
#3 /Users/winson.heng/server-php/system/Database/BaseBuilder.php(2309): CodeIgniter\Database\BaseConnection->query('INSERT INTO `re...', Array, false)
#4 /Users/winson.heng/server-php/app/Models/Api/ReportsModel.php(23): CodeIgniter\Database\BaseBuilder->insert(Array)
#5 /Users/winson.heng/server-php/app/Controllers/Api/Privacy.php(37): App\Models\Api\ReportsModel->add(Array)
#6 /Users/winson.heng/server-php/system/CodeIgniter.php(932): App\Controllers\Api\Privacy->reportContent()
#7 /Users/winson.heng/server-php/system/CodeIgniter.php(497): CodeIgniter\CodeIgniter->runController(Object(App\Controllers\Api\Privacy))
#8 /Users/winson.heng/server-php/system/CodeIgniter.php(366): CodeIgniter\CodeIgniter->handleRequest(NULL, Object(Config\Cache), false)
#9 /Users/winson.heng/server-php/public/index.php(67): CodeIgniter\CodeIgniter->run()
#10 /Users/winson.heng/server-php/system/Commands/Server/rewrite.php(47): require_once('/Users/winson.h...')
#11 {main}
CRITICAL - 2023-10-23 13:57:57 --> Column 'report_type' cannot be null
in SYSTEMPATH/Database/MySQLi/Connection.php on line 295.
 1 SYSTEMPATH/Database/MySQLi/Connection.php(295): mysqli->query('INSERT INTO `reports` (`report_type`, `type_id`, `reason`, `reported_by`) VALUES (NULL, NULL, NULL, \'11\')', 0)
 2 SYSTEMPATH/Database/BaseConnection.php(692): CodeIgniter\Database\MySQLi\Connection->execute('INSERT INTO `reports` (`report_type`, `type_id`, `reason`, `reported_by`) VALUES (NULL, NULL, NULL, \'11\')')
 3 SYSTEMPATH/Database/BaseConnection.php(606): CodeIgniter\Database\BaseConnection->simpleQuery('INSERT INTO `reports` (`report_type`, `type_id`, `reason`, `reported_by`) VALUES (NULL, NULL, NULL, \'11\')')
 4 SYSTEMPATH/Database/BaseBuilder.php(2309): CodeIgniter\Database\BaseConnection->query('INSERT INTO `reports` (`report_type`, `type_id`, `reason`, `reported_by`) VALUES (:report_type:, :type_id:, :reason:, :reported_by:)', [...], false)
 5 APPPATH/Models/Api/ReportsModel.php(23): CodeIgniter\Database\BaseBuilder->insert([...])
 6 APPPATH/Controllers/Api/Privacy.php(37): App\Models\Api\ReportsModel->add([...])
 7 SYSTEMPATH/CodeIgniter.php(932): App\Controllers\Api\Privacy->reportContent()
 8 SYSTEMPATH/CodeIgniter.php(497): CodeIgniter\CodeIgniter->runController(Object(App\Controllers\Api\Privacy))
 9 SYSTEMPATH/CodeIgniter.php(366): CodeIgniter\CodeIgniter->handleRequest(null, Object(Config\Cache), false)
10 FCPATH/index.php(67): CodeIgniter\CodeIgniter->run()
11 SYSTEMPATH/Commands/Server/rewrite.php(47): require_once('/Users/winson.heng/server-php/public/index.php')
ERROR - 2023-10-23 14:19:14 --> mysqli_sql_exception: Table 'miromie-local.votes' doesn't exist in /Users/winson.heng/server-php/system/Database/MySQLi/Connection.php:295
Stack trace:
#0 /Users/winson.heng/server-php/system/Database/MySQLi/Connection.php(295): mysqli->query('ALTER TABLE `vo...', 0)
#1 /Users/winson.heng/server-php/system/Database/BaseConnection.php(692): CodeIgniter\Database\MySQLi\Connection->execute('ALTER TABLE `vo...')
#2 /Users/winson.heng/server-php/system/Database/BaseConnection.php(606): CodeIgniter\Database\BaseConnection->simpleQuery('ALTER TABLE `vo...')
#3 /Users/winson.heng/server-php/app/Database/Migrations/2023-10-23-131006_AddReportedContentTable.php(41): CodeIgniter\Database\BaseConnection->query('ALTER TABLE `vo...')
#4 /Users/winson.heng/server-php/system/Database/MigrationRunner.php(877): App\Database\Migrations\AddReportedContentTable->up()
#5 /Users/winson.heng/server-php/system/Database/MigrationRunner.php(188): CodeIgniter\Database\MigrationRunner->migrate('up', Object(stdClass))
#6 /Users/winson.heng/server-php/system/Commands/Database/Migrate.php(84): CodeIgniter\Database\MigrationRunner->latest(NULL)
#7 /Users/winson.heng/server-php/system/CLI/Commands.php(65): CodeIgniter\Commands\Database\Migrate->run(Array)
#8 /Users/winson.heng/server-php/system/CLI/Console.php(37): CodeIgniter\CLI\Commands->run('migrate', Array)
#9 /Users/winson.heng/server-php/spark(97): CodeIgniter\CLI\Console->run()
#10 {main}
ERROR - 2023-10-23 14:19:53 --> mysqli_sql_exception: Duplicate entry 'post-2-11' for key 'reports.unique_index' in /Users/winson.heng/server-php/system/Database/MySQLi/Connection.php:295
Stack trace:
#0 /Users/winson.heng/server-php/system/Database/MySQLi/Connection.php(295): mysqli->query('INSERT INTO `re...', 0)
#1 /Users/winson.heng/server-php/system/Database/BaseConnection.php(692): CodeIgniter\Database\MySQLi\Connection->execute('INSERT INTO `re...')
#2 /Users/winson.heng/server-php/system/Database/BaseConnection.php(606): CodeIgniter\Database\BaseConnection->simpleQuery('INSERT INTO `re...')
#3 /Users/winson.heng/server-php/system/Database/BaseBuilder.php(2309): CodeIgniter\Database\BaseConnection->query('INSERT INTO `re...', Array, false)
#4 /Users/winson.heng/server-php/app/Models/Api/ReportsModel.php(23): CodeIgniter\Database\BaseBuilder->insert(Array)
#5 /Users/winson.heng/server-php/app/Controllers/Api/Privacy.php(37): App\Models\Api\ReportsModel->add(Array)
#6 /Users/winson.heng/server-php/system/CodeIgniter.php(932): App\Controllers\Api\Privacy->reportContent()
#7 /Users/winson.heng/server-php/system/CodeIgniter.php(497): CodeIgniter\CodeIgniter->runController(Object(App\Controllers\Api\Privacy))
#8 /Users/winson.heng/server-php/system/CodeIgniter.php(366): CodeIgniter\CodeIgniter->handleRequest(NULL, Object(Config\Cache), false)
#9 /Users/winson.heng/server-php/public/index.php(67): CodeIgniter\CodeIgniter->run()
#10 /Users/winson.heng/server-php/system/Commands/Server/rewrite.php(47): require_once('/Users/winson.h...')
#11 {main}
CRITICAL - 2023-10-23 14:20:05 --> Duplicate entry 'post-2-11' for key 'reports.unique_index'
in SYSTEMPATH/Database/MySQLi/Connection.php on line 295.
 1 SYSTEMPATH/Database/MySQLi/Connection.php(295): mysqli->query('INSERT INTO `reports` (`report_type`, `type_id`, `reason`, `reported_by`) VALUES (\'post\', \'2\', \'asdadadadadsadadsadadad\', \'11\')', 0)
 2 SYSTEMPATH/Database/BaseConnection.php(692): CodeIgniter\Database\MySQLi\Connection->execute('INSERT INTO `reports` (`report_type`, `type_id`, `reason`, `reported_by`) VALUES (\'post\', \'2\', \'asdadadadadsadadsadadad\', \'11\')')
 3 SYSTEMPATH/Database/BaseConnection.php(606): CodeIgniter\Database\BaseConnection->simpleQuery('INSERT INTO `reports` (`report_type`, `type_id`, `reason`, `reported_by`) VALUES (\'post\', \'2\', \'asdadadadadsadadsadadad\', \'11\')')
 4 SYSTEMPATH/Database/BaseBuilder.php(2309): CodeIgniter\Database\BaseConnection->query('INSERT INTO `reports` (`report_type`, `type_id`, `reason`, `reported_by`) VALUES (:report_type:, :type_id:, :reason:, :reported_by:)', [...], false)
 5 APPPATH/Models/Api/ReportsModel.php(23): CodeIgniter\Database\BaseBuilder->insert([...])
 6 APPPATH/Controllers/Api/Privacy.php(37): App\Models\Api\ReportsModel->add([...])
 7 SYSTEMPATH/CodeIgniter.php(932): App\Controllers\Api\Privacy->reportContent()
 8 SYSTEMPATH/CodeIgniter.php(497): CodeIgniter\CodeIgniter->runController(Object(App\Controllers\Api\Privacy))
 9 SYSTEMPATH/CodeIgniter.php(366): CodeIgniter\CodeIgniter->handleRequest(null, Object(Config\Cache), false)
10 FCPATH/index.php(67): CodeIgniter\CodeIgniter->run()
11 SYSTEMPATH/Commands/Server/rewrite.php(47): require_once('/Users/winson.heng/server-php/public/index.php')
ERROR - 2023-10-23 14:24:37 --> mysqli_sql_exception: Duplicate entry 'post-2-11' for key 'reports.unique_index' in /Users/winson.heng/server-php/system/Database/MySQLi/Connection.php:295
Stack trace:
#0 /Users/winson.heng/server-php/system/Database/MySQLi/Connection.php(295): mysqli->query('INSERT INTO `re...', 0)
#1 /Users/winson.heng/server-php/system/Database/BaseConnection.php(692): CodeIgniter\Database\MySQLi\Connection->execute('INSERT INTO `re...')
#2 /Users/winson.heng/server-php/system/Database/BaseConnection.php(606): CodeIgniter\Database\BaseConnection->simpleQuery('INSERT INTO `re...')
#3 /Users/winson.heng/server-php/system/Database/BaseBuilder.php(2309): CodeIgniter\Database\BaseConnection->query('INSERT INTO `re...', Array, false)
#4 /Users/winson.heng/server-php/app/Models/Api/ReportsModel.php(23): CodeIgniter\Database\BaseBuilder->insert(Array)
#5 /Users/winson.heng/server-php/app/Controllers/Api/Privacy.php(39): App\Models\Api\ReportsModel->add(Array)
#6 /Users/winson.heng/server-php/system/CodeIgniter.php(932): App\Controllers\Api\Privacy->reportContent()
#7 /Users/winson.heng/server-php/system/CodeIgniter.php(497): CodeIgniter\CodeIgniter->runController(Object(App\Controllers\Api\Privacy))
#8 /Users/winson.heng/server-php/system/CodeIgniter.php(366): CodeIgniter\CodeIgniter->handleRequest(NULL, Object(Config\Cache), false)
#9 /Users/winson.heng/server-php/public/index.php(67): CodeIgniter\CodeIgniter->run()
#10 /Users/winson.heng/server-php/system/Commands/Server/rewrite.php(47): require_once('/Users/winson.h...')
#11 {main}
CRITICAL - 2023-10-23 14:24:41 --> Duplicate entry 'post-2-11' for key 'reports.unique_index'
in SYSTEMPATH/Database/MySQLi/Connection.php on line 295.
 1 SYSTEMPATH/Database/MySQLi/Connection.php(295): mysqli->query('INSERT INTO `reports` (`report_type`, `type_id`, `reason`, `reported_by`) VALUES (\'post\', \'2\', \'asdadadadadsadadsadadad\', \'11\')', 0)
 2 SYSTEMPATH/Database/BaseConnection.php(692): CodeIgniter\Database\MySQLi\Connection->execute('INSERT INTO `reports` (`report_type`, `type_id`, `reason`, `reported_by`) VALUES (\'post\', \'2\', \'asdadadadadsadadsadadad\', \'11\')')
 3 SYSTEMPATH/Database/BaseConnection.php(606): CodeIgniter\Database\BaseConnection->simpleQuery('INSERT INTO `reports` (`report_type`, `type_id`, `reason`, `reported_by`) VALUES (\'post\', \'2\', \'asdadadadadsadadsadadad\', \'11\')')
 4 SYSTEMPATH/Database/BaseBuilder.php(2309): CodeIgniter\Database\BaseConnection->query('INSERT INTO `reports` (`report_type`, `type_id`, `reason`, `reported_by`) VALUES (:report_type:, :type_id:, :reason:, :reported_by:)', [...], false)
 5 APPPATH/Models/Api/ReportsModel.php(23): CodeIgniter\Database\BaseBuilder->insert([...])
 6 APPPATH/Controllers/Api/Privacy.php(39): App\Models\Api\ReportsModel->add([...])
 7 SYSTEMPATH/CodeIgniter.php(932): App\Controllers\Api\Privacy->reportContent()
 8 SYSTEMPATH/CodeIgniter.php(497): CodeIgniter\CodeIgniter->runController(Object(App\Controllers\Api\Privacy))
 9 SYSTEMPATH/CodeIgniter.php(366): CodeIgniter\CodeIgniter->handleRequest(null, Object(Config\Cache), false)
10 FCPATH/index.php(67): CodeIgniter\CodeIgniter->run()
11 SYSTEMPATH/Commands/Server/rewrite.php(47): require_once('/Users/winson.heng/server-php/public/index.php')
ERROR - 2023-10-23 14:24:53 --> mysqli_sql_exception: Duplicate entry 'post-2-11' for key 'reports.unique_index' in /Users/winson.heng/server-php/system/Database/MySQLi/Connection.php:295
Stack trace:
#0 /Users/winson.heng/server-php/system/Database/MySQLi/Connection.php(295): mysqli->query('INSERT INTO `re...', 0)
#1 /Users/winson.heng/server-php/system/Database/BaseConnection.php(692): CodeIgniter\Database\MySQLi\Connection->execute('INSERT INTO `re...')
#2 /Users/winson.heng/server-php/system/Database/BaseConnection.php(606): CodeIgniter\Database\BaseConnection->simpleQuery('INSERT INTO `re...')
#3 /Users/winson.heng/server-php/system/Database/BaseBuilder.php(2309): CodeIgniter\Database\BaseConnection->query('INSERT INTO `re...', Array, false)
#4 /Users/winson.heng/server-php/app/Models/Api/ReportsModel.php(23): CodeIgniter\Database\BaseBuilder->insert(Array)
#5 /Users/winson.heng/server-php/app/Controllers/Api/Privacy.php(39): App\Models\Api\ReportsModel->add(Array)
#6 /Users/winson.heng/server-php/system/CodeIgniter.php(932): App\Controllers\Api\Privacy->reportContent()
#7 /Users/winson.heng/server-php/system/CodeIgniter.php(497): CodeIgniter\CodeIgniter->runController(Object(App\Controllers\Api\Privacy))
#8 /Users/winson.heng/server-php/system/CodeIgniter.php(366): CodeIgniter\CodeIgniter->handleRequest(NULL, Object(Config\Cache), false)
#9 /Users/winson.heng/server-php/public/index.php(67): CodeIgniter\CodeIgniter->run()
#10 /Users/winson.heng/server-php/system/Commands/Server/rewrite.php(47): require_once('/Users/winson.h...')
#11 {main}
CRITICAL - 2023-10-23 14:25:00 --> Duplicate entry 'post-2-11' for key 'reports.unique_index'
in SYSTEMPATH/Database/MySQLi/Connection.php on line 295.
 1 SYSTEMPATH/Database/MySQLi/Connection.php(295): mysqli->query('INSERT INTO `reports` (`report_type`, `type_id`, `reason`, `reported_by`) VALUES (\'post\', \'2\', \'asdadadadadsadadsadadad\', \'11\')', 0)
 2 SYSTEMPATH/Database/BaseConnection.php(692): CodeIgniter\Database\MySQLi\Connection->execute('INSERT INTO `reports` (`report_type`, `type_id`, `reason`, `reported_by`) VALUES (\'post\', \'2\', \'asdadadadadsadadsadadad\', \'11\')')
 3 SYSTEMPATH/Database/BaseConnection.php(606): CodeIgniter\Database\BaseConnection->simpleQuery('INSERT INTO `reports` (`report_type`, `type_id`, `reason`, `reported_by`) VALUES (\'post\', \'2\', \'asdadadadadsadadsadadad\', \'11\')')
 4 SYSTEMPATH/Database/BaseBuilder.php(2309): CodeIgniter\Database\BaseConnection->query('INSERT INTO `reports` (`report_type`, `type_id`, `reason`, `reported_by`) VALUES (:report_type:, :type_id:, :reason:, :reported_by:)', [...], false)
 5 APPPATH/Models/Api/ReportsModel.php(23): CodeIgniter\Database\BaseBuilder->insert([...])
 6 APPPATH/Controllers/Api/Privacy.php(39): App\Models\Api\ReportsModel->add([...])
 7 SYSTEMPATH/CodeIgniter.php(932): App\Controllers\Api\Privacy->reportContent()
 8 SYSTEMPATH/CodeIgniter.php(497): CodeIgniter\CodeIgniter->runController(Object(App\Controllers\Api\Privacy))
 9 SYSTEMPATH/CodeIgniter.php(366): CodeIgniter\CodeIgniter->handleRequest(null, Object(Config\Cache), false)
10 FCPATH/index.php(67): CodeIgniter\CodeIgniter->run()
11 SYSTEMPATH/Commands/Server/rewrite.php(47): require_once('/Users/winson.heng/server-php/public/index.php')
ERROR - 2023-10-23 14:25:08 --> mysqli_sql_exception: Duplicate entry 'post-2-11' for key 'reports.unique_index' in /Users/winson.heng/server-php/system/Database/MySQLi/Connection.php:295
Stack trace:
#0 /Users/winson.heng/server-php/system/Database/MySQLi/Connection.php(295): mysqli->query('INSERT INTO `re...', 0)
#1 /Users/winson.heng/server-php/system/Database/BaseConnection.php(692): CodeIgniter\Database\MySQLi\Connection->execute('INSERT INTO `re...')
#2 /Users/winson.heng/server-php/system/Database/BaseConnection.php(606): CodeIgniter\Database\BaseConnection->simpleQuery('INSERT INTO `re...')
#3 /Users/winson.heng/server-php/system/Database/BaseBuilder.php(2309): CodeIgniter\Database\BaseConnection->query('INSERT INTO `re...', Array, false)
#4 /Users/winson.heng/server-php/app/Models/Api/ReportsModel.php(23): CodeIgniter\Database\BaseBuilder->insert(Array)
#5 /Users/winson.heng/server-php/app/Controllers/Api/Privacy.php(39): App\Models\Api\ReportsModel->add(Array)
#6 /Users/winson.heng/server-php/system/CodeIgniter.php(932): App\Controllers\Api\Privacy->reportContent()
#7 /Users/winson.heng/server-php/system/CodeIgniter.php(497): CodeIgniter\CodeIgniter->runController(Object(App\Controllers\Api\Privacy))
#8 /Users/winson.heng/server-php/system/CodeIgniter.php(366): CodeIgniter\CodeIgniter->handleRequest(NULL, Object(Config\Cache), false)
#9 /Users/winson.heng/server-php/public/index.php(67): CodeIgniter\CodeIgniter->run()
#10 /Users/winson.heng/server-php/system/Commands/Server/rewrite.php(47): require_once('/Users/winson.h...')
#11 {main}
CRITICAL - 2023-10-23 14:25:11 --> Duplicate entry 'post-2-11' for key 'reports.unique_index'
in SYSTEMPATH/Database/MySQLi/Connection.php on line 295.
 1 SYSTEMPATH/Database/MySQLi/Connection.php(295): mysqli->query('INSERT INTO `reports` (`report_type`, `type_id`, `reason`, `reported_by`) VALUES (\'post\', \'2\', \'asdadadadadsadadsadadad\', \'11\')', 0)
 2 SYSTEMPATH/Database/BaseConnection.php(692): CodeIgniter\Database\MySQLi\Connection->execute('INSERT INTO `reports` (`report_type`, `type_id`, `reason`, `reported_by`) VALUES (\'post\', \'2\', \'asdadadadadsadadsadadad\', \'11\')')
 3 SYSTEMPATH/Database/BaseConnection.php(606): CodeIgniter\Database\BaseConnection->simpleQuery('INSERT INTO `reports` (`report_type`, `type_id`, `reason`, `reported_by`) VALUES (\'post\', \'2\', \'asdadadadadsadadsadadad\', \'11\')')
 4 SYSTEMPATH/Database/BaseBuilder.php(2309): CodeIgniter\Database\BaseConnection->query('INSERT INTO `reports` (`report_type`, `type_id`, `reason`, `reported_by`) VALUES (:report_type:, :type_id:, :reason:, :reported_by:)', [...], false)
 5 APPPATH/Models/Api/ReportsModel.php(23): CodeIgniter\Database\BaseBuilder->insert([...])
 6 APPPATH/Controllers/Api/Privacy.php(39): App\Models\Api\ReportsModel->add([...])
 7 SYSTEMPATH/CodeIgniter.php(932): App\Controllers\Api\Privacy->reportContent()
 8 SYSTEMPATH/CodeIgniter.php(497): CodeIgniter\CodeIgniter->runController(Object(App\Controllers\Api\Privacy))
 9 SYSTEMPATH/CodeIgniter.php(366): CodeIgniter\CodeIgniter->handleRequest(null, Object(Config\Cache), false)
10 FCPATH/index.php(67): CodeIgniter\CodeIgniter->run()
11 SYSTEMPATH/Commands/Server/rewrite.php(47): require_once('/Users/winson.heng/server-php/public/index.php')
ERROR - 2023-10-23 14:25:28 --> mysqli_sql_exception: Duplicate entry 'post-2-11' for key 'reports.unique_index' in /Users/winson.heng/server-php/system/Database/MySQLi/Connection.php:295
Stack trace:
#0 /Users/winson.heng/server-php/system/Database/MySQLi/Connection.php(295): mysqli->query('INSERT INTO `re...', 0)
#1 /Users/winson.heng/server-php/system/Database/BaseConnection.php(692): CodeIgniter\Database\MySQLi\Connection->execute('INSERT INTO `re...')
#2 /Users/winson.heng/server-php/system/Database/BaseConnection.php(606): CodeIgniter\Database\BaseConnection->simpleQuery('INSERT INTO `re...')
#3 /Users/winson.heng/server-php/system/Database/BaseBuilder.php(2309): CodeIgniter\Database\BaseConnection->query('INSERT INTO `re...', Array, false)
#4 /Users/winson.heng/server-php/app/Models/Api/ReportsModel.php(23): CodeIgniter\Database\BaseBuilder->insert(Array)
#5 /Users/winson.heng/server-php/app/Controllers/Api/Privacy.php(39): App\Models\Api\ReportsModel->add(Array)
#6 /Users/winson.heng/server-php/system/CodeIgniter.php(932): App\Controllers\Api\Privacy->reportContent()
#7 /Users/winson.heng/server-php/system/CodeIgniter.php(497): CodeIgniter\CodeIgniter->runController(Object(App\Controllers\Api\Privacy))
#8 /Users/winson.heng/server-php/system/CodeIgniter.php(366): CodeIgniter\CodeIgniter->handleRequest(NULL, Object(Config\Cache), false)
#9 /Users/winson.heng/server-php/public/index.php(67): CodeIgniter\CodeIgniter->run()
#10 /Users/winson.heng/server-php/system/Commands/Server/rewrite.php(47): require_once('/Users/winson.h...')
#11 {main}
ERROR - 2023-10-23 14:27:43 --> mysqli_sql_exception: Duplicate entry 'post-2-11' for key 'reports.unique_index' in /Users/winson.heng/server-php/system/Database/MySQLi/Connection.php:295
Stack trace:
#0 /Users/winson.heng/server-php/system/Database/MySQLi/Connection.php(295): mysqli->query('INSERT INTO `re...', 0)
#1 /Users/winson.heng/server-php/system/Database/BaseConnection.php(692): CodeIgniter\Database\MySQLi\Connection->execute('INSERT INTO `re...')
#2 /Users/winson.heng/server-php/system/Database/BaseConnection.php(606): CodeIgniter\Database\BaseConnection->simpleQuery('INSERT INTO `re...')
#3 /Users/winson.heng/server-php/system/Database/BaseBuilder.php(2309): CodeIgniter\Database\BaseConnection->query('INSERT INTO `re...', Array, false)
#4 /Users/winson.heng/server-php/app/Models/Api/ReportsModel.php(23): CodeIgniter\Database\BaseBuilder->insert(Array)
#5 /Users/winson.heng/server-php/app/Controllers/Api/Privacy.php(39): App\Models\Api\ReportsModel->add(Array)
#6 /Users/winson.heng/server-php/system/CodeIgniter.php(932): App\Controllers\Api\Privacy->reportContent()
#7 /Users/winson.heng/server-php/system/CodeIgniter.php(497): CodeIgniter\CodeIgniter->runController(Object(App\Controllers\Api\Privacy))
#8 /Users/winson.heng/server-php/system/CodeIgniter.php(366): CodeIgniter\CodeIgniter->handleRequest(NULL, Object(Config\Cache), false)
#9 /Users/winson.heng/server-php/public/index.php(67): CodeIgniter\CodeIgniter->run()
#10 /Users/winson.heng/server-php/system/Commands/Server/rewrite.php(47): require_once('/Users/winson.h...')
#11 {main}
