CRITICAL - 2024-04-08 12:58:20 --> default is not a valid database connection group.
in SYSTEMPATH/Database/Config.php on line 69.
 1 APPPATH/Models/Api/UserModel.php(18): CodeIgniter\Database\Config::connect()
 2 APPPATH/Controllers/Api/users/Users.php(26): App\Models\Api\UserModel->__construct()
 3 SYSTEMPATH/CodeIgniter.php(904): App\Controllers\Api\users\Users->__construct()
 4 SYSTEMPATH/CodeIgniter.php(488): CodeIgniter\CodeIgniter->createController()
 5 SYSTEMPATH/CodeIgniter.php(366): CodeIgniter\CodeIgniter->handleRequest(null, Object(Config\Cache), false)
 6 FCPATH/index.php(67): CodeIgniter\CodeIgniter->run()
 7 SYSTEMPATH/Commands/Server/rewrite.php(47): require_once('/Users/winson.heng/server-php/public/index.php')
CRITICAL - 2024-04-08 12:58:20 --> default is not a valid database connection group.
in SYSTEMPATH/Database/Config.php on line 69.
 1 APPPATH/Models/Api/UserModel.php(18): CodeIgniter\Database\Config::connect()
 2 APPPATH/Controllers/Api/users/Users.php(26): App\Models\Api\UserModel->__construct()
 3 SYSTEMPATH/CodeIgniter.php(904): App\Controllers\Api\users\Users->__construct()
 4 SYSTEMPATH/CodeIgniter.php(488): CodeIgniter\CodeIgniter->createController()
 5 SYSTEMPATH/CodeIgniter.php(366): CodeIgniter\CodeIgniter->handleRequest(null, Object(Config\Cache), false)
 6 FCPATH/index.php(67): CodeIgniter\CodeIgniter->run()
 7 SYSTEMPATH/Commands/Server/rewrite.php(47): require_once('/Users/winson.heng/server-php/public/index.php')
CRITICAL - 2024-04-08 12:58:22 --> default is not a valid database connection group.
in SYSTEMPATH/Database/Config.php on line 69.
 1 APPPATH/Models/Api/UserModel.php(18): CodeIgniter\Database\Config::connect()
 2 APPPATH/Controllers/Api/users/Users.php(26): App\Models\Api\UserModel->__construct()
 3 SYSTEMPATH/CodeIgniter.php(904): App\Controllers\Api\users\Users->__construct()
 4 SYSTEMPATH/CodeIgniter.php(488): CodeIgniter\CodeIgniter->createController()
 5 SYSTEMPATH/CodeIgniter.php(366): CodeIgniter\CodeIgniter->handleRequest(null, Object(Config\Cache), false)
 6 FCPATH/index.php(67): CodeIgniter\CodeIgniter->run()
 7 SYSTEMPATH/Commands/Server/rewrite.php(47): require_once('/Users/winson.heng/server-php/public/index.php')
CRITICAL - 2024-04-08 12:58:22 --> default is not a valid database connection group.
in SYSTEMPATH/Database/Config.php on line 69.
 1 APPPATH/Models/Api/UserModel.php(18): CodeIgniter\Database\Config::connect()
 2 APPPATH/Controllers/Api/users/Users.php(26): App\Models\Api\UserModel->__construct()
 3 SYSTEMPATH/CodeIgniter.php(904): App\Controllers\Api\users\Users->__construct()
 4 SYSTEMPATH/CodeIgniter.php(488): CodeIgniter\CodeIgniter->createController()
 5 SYSTEMPATH/CodeIgniter.php(366): CodeIgniter\CodeIgniter->handleRequest(null, Object(Config\Cache), false)
 6 FCPATH/index.php(67): CodeIgniter\CodeIgniter->run()
 7 SYSTEMPATH/Commands/Server/rewrite.php(47): require_once('/Users/winson.heng/server-php/public/index.php')
ERROR - 2024-04-08 12:58:32 --> mysqli_sql_exception: You have an error in your SQL syntax; check the manual that corresponds to your MySQL server version for the right syntax to use near 'rank
        FROM posts
        INNER JOIN users ON users.id = posts.added_by
  ' at line 1 in /Users/winson.heng/server-php/system/Database/MySQLi/Connection.php:295
Stack trace:
#0 /Users/winson.heng/server-php/system/Database/MySQLi/Connection.php(295): mysqli->query('SELECT posts.*,...', 0)
#1 /Users/winson.heng/server-php/system/Database/BaseConnection.php(692): CodeIgniter\Database\MySQLi\Connection->execute('SELECT posts.*,...')
#2 /Users/winson.heng/server-php/system/Database/BaseConnection.php(606): CodeIgniter\Database\BaseConnection->simpleQuery('SELECT posts.*,...')
#3 /Users/winson.heng/server-php/app/Models/Api/PostModel.php(180): CodeIgniter\Database\BaseConnection->query('SELECT posts.*,...')
#4 /Users/winson.heng/server-php/app/Controllers/Api/Post.php(256): App\Models\Api\PostModel->getPostsForNewUsers('0', '100', '6')
#5 /Users/winson.heng/server-php/system/CodeIgniter.php(932): App\Controllers\Api\Post->getPost()
#6 /Users/winson.heng/server-php/system/CodeIgniter.php(497): CodeIgniter\CodeIgniter->runController(Object(App\Controllers\Api\Post))
#7 /Users/winson.heng/server-php/system/CodeIgniter.php(366): CodeIgniter\CodeIgniter->handleRequest(NULL, Object(Config\Cache), false)
#8 /Users/winson.heng/server-php/public/index.php(67): CodeIgniter\CodeIgniter->run()
#9 /Users/winson.heng/server-php/system/Commands/Server/rewrite.php(47): require_once('/Users/winson.h...')
#10 {main}
CRITICAL - 2024-04-08 12:58:32 --> You have an error in your SQL syntax; check the manual that corresponds to your MySQL server version for the right syntax to use near 'rank
        FROM posts
        INNER JOIN users ON users.id = posts.added_by
  ' at line 1
in SYSTEMPATH/Database/MySQLi/Connection.php on line 295.
 1 SYSTEMPATH/Database/MySQLi/Connection.php(295): mysqli->query('SELECT posts.*, RANK() OVER (PARTITION BY posts.added_by ORDER BY likes DESC) AS rank
        FROM posts
        INNER JOIN users ON users.id = posts.added_by
        LEFT JOIN blocked_users ON posts.added_by = blocked_users.user_id
        WHERE users.pronouns != \'HE\'
        AND blocked_users.user_id IS NULL
        AND deleted = 0
        AND likes > 0
        ORDER BY rank, likes DESC, RAND()', 0)
 2 SYSTEMPATH/Database/BaseConnection.php(692): CodeIgniter\Database\MySQLi\Connection->execute('SELECT posts.*, RANK() OVER (PARTITION BY posts.added_by ORDER BY likes DESC) AS rank
        FROM posts
        INNER JOIN users ON users.id = posts.added_by
        LEFT JOIN blocked_users ON posts.added_by = blocked_users.user_id
        WHERE users.pronouns != \'HE\'
        AND blocked_users.user_id IS NULL
        AND deleted = 0
        AND likes > 0
        ORDER BY rank, likes DESC, RAND()')
 3 SYSTEMPATH/Database/BaseConnection.php(606): CodeIgniter\Database\BaseConnection->simpleQuery('SELECT posts.*, RANK() OVER (PARTITION BY posts.added_by ORDER BY likes DESC) AS rank
        FROM posts
        INNER JOIN users ON users.id = posts.added_by
        LEFT JOIN blocked_users ON posts.added_by = blocked_users.user_id
        WHERE users.pronouns != \'HE\'
        AND blocked_users.user_id IS NULL
        AND deleted = 0
        AND likes > 0
        ORDER BY rank, likes DESC, RAND()')
 4 APPPATH/Models/Api/PostModel.php(180): CodeIgniter\Database\BaseConnection->query('SELECT posts.*, RANK() OVER (PARTITION BY posts.added_by ORDER BY likes DESC) AS rank
        FROM posts
        INNER JOIN users ON users.id = posts.added_by
        LEFT JOIN blocked_users ON posts.added_by = blocked_users.user_id
        WHERE users.pronouns != \'HE\'
        AND blocked_users.user_id IS NULL
        AND deleted = 0
        AND likes > 0
        ORDER BY rank, likes DESC, RAND()')
 5 APPPATH/Controllers/Api/Post.php(256): App\Models\Api\PostModel->getPostsForNewUsers('0', '100', '6')
 6 SYSTEMPATH/CodeIgniter.php(932): App\Controllers\Api\Post->getPost()
 7 SYSTEMPATH/CodeIgniter.php(497): CodeIgniter\CodeIgniter->runController(Object(App\Controllers\Api\Post))
 8 SYSTEMPATH/CodeIgniter.php(366): CodeIgniter\CodeIgniter->handleRequest(null, Object(Config\Cache), false)
 9 FCPATH/index.php(67): CodeIgniter\CodeIgniter->run()
10 SYSTEMPATH/Commands/Server/rewrite.php(47): require_once('/Users/winson.heng/server-php/public/index.php')
ERROR - 2024-04-08 13:00:52 --> mysqli_sql_exception: You have an error in your SQL syntax; check the manual that corresponds to your MySQL server version for the right syntax to use near 'rank
        FROM posts
        INNER JOIN users ON users.id = posts.added_by
  ' at line 1 in /Users/winson.heng/server-php/system/Database/MySQLi/Connection.php:295
Stack trace:
#0 /Users/winson.heng/server-php/system/Database/MySQLi/Connection.php(295): mysqli->query('SELECT posts.*,...', 0)
#1 /Users/winson.heng/server-php/system/Database/BaseConnection.php(692): CodeIgniter\Database\MySQLi\Connection->execute('SELECT posts.*,...')
#2 /Users/winson.heng/server-php/system/Database/BaseConnection.php(606): CodeIgniter\Database\BaseConnection->simpleQuery('SELECT posts.*,...')
#3 /Users/winson.heng/server-php/app/Models/Api/PostModel.php(180): CodeIgniter\Database\BaseConnection->query('SELECT posts.*,...')
#4 /Users/winson.heng/server-php/app/Controllers/Api/Post.php(256): App\Models\Api\PostModel->getPostsForNewUsers('0', '100', '6')
#5 /Users/winson.heng/server-php/system/CodeIgniter.php(932): App\Controllers\Api\Post->getPost()
#6 /Users/winson.heng/server-php/system/CodeIgniter.php(497): CodeIgniter\CodeIgniter->runController(Object(App\Controllers\Api\Post))
#7 /Users/winson.heng/server-php/system/CodeIgniter.php(366): CodeIgniter\CodeIgniter->handleRequest(NULL, Object(Config\Cache), false)
#8 /Users/winson.heng/server-php/public/index.php(67): CodeIgniter\CodeIgniter->run()
#9 /Users/winson.heng/server-php/system/Commands/Server/rewrite.php(47): require_once('/Users/winson.h...')
#10 {main}
CRITICAL - 2024-04-08 13:00:52 --> You have an error in your SQL syntax; check the manual that corresponds to your MySQL server version for the right syntax to use near 'rank
        FROM posts
        INNER JOIN users ON users.id = posts.added_by
  ' at line 1
in SYSTEMPATH/Database/MySQLi/Connection.php on line 295.
 1 SYSTEMPATH/Database/MySQLi/Connection.php(295): mysqli->query('SELECT posts.*, RANK() OVER (PARTITION BY posts.added_by ORDER BY likes DESC) AS rank
        FROM posts
        INNER JOIN users ON users.id = posts.added_by
        LEFT JOIN blocked_users ON posts.added_by = blocked_users.user_id
        WHERE users.pronouns != \'HE\'
        AND blocked_users.user_id IS NULL
        AND deleted = 0
        AND likes > 0
        ORDER BY rank, likes DESC, RAND()', 0)
 2 SYSTEMPATH/Database/BaseConnection.php(692): CodeIgniter\Database\MySQLi\Connection->execute('SELECT posts.*, RANK() OVER (PARTITION BY posts.added_by ORDER BY likes DESC) AS rank
        FROM posts
        INNER JOIN users ON users.id = posts.added_by
        LEFT JOIN blocked_users ON posts.added_by = blocked_users.user_id
        WHERE users.pronouns != \'HE\'
        AND blocked_users.user_id IS NULL
        AND deleted = 0
        AND likes > 0
        ORDER BY rank, likes DESC, RAND()')
 3 SYSTEMPATH/Database/BaseConnection.php(606): CodeIgniter\Database\BaseConnection->simpleQuery('SELECT posts.*, RANK() OVER (PARTITION BY posts.added_by ORDER BY likes DESC) AS rank
        FROM posts
        INNER JOIN users ON users.id = posts.added_by
        LEFT JOIN blocked_users ON posts.added_by = blocked_users.user_id
        WHERE users.pronouns != \'HE\'
        AND blocked_users.user_id IS NULL
        AND deleted = 0
        AND likes > 0
        ORDER BY rank, likes DESC, RAND()')
 4 APPPATH/Models/Api/PostModel.php(180): CodeIgniter\Database\BaseConnection->query('SELECT posts.*, RANK() OVER (PARTITION BY posts.added_by ORDER BY likes DESC) AS rank
        FROM posts
        INNER JOIN users ON users.id = posts.added_by
        LEFT JOIN blocked_users ON posts.added_by = blocked_users.user_id
        WHERE users.pronouns != \'HE\'
        AND blocked_users.user_id IS NULL
        AND deleted = 0
        AND likes > 0
        ORDER BY rank, likes DESC, RAND()')
 5 APPPATH/Controllers/Api/Post.php(256): App\Models\Api\PostModel->getPostsForNewUsers('0', '100', '6')
 6 SYSTEMPATH/CodeIgniter.php(932): App\Controllers\Api\Post->getPost()
 7 SYSTEMPATH/CodeIgniter.php(497): CodeIgniter\CodeIgniter->runController(Object(App\Controllers\Api\Post))
 8 SYSTEMPATH/CodeIgniter.php(366): CodeIgniter\CodeIgniter->handleRequest(null, Object(Config\Cache), false)
 9 FCPATH/index.php(67): CodeIgniter\CodeIgniter->run()
10 SYSTEMPATH/Commands/Server/rewrite.php(47): require_once('/Users/winson.heng/server-php/public/index.php')
ERROR - 2024-04-08 13:01:16 --> mysqli_sql_exception: You have an error in your SQL syntax; check the manual that corresponds to your MySQL server version for the right syntax to use near 'rank
        FROM posts
        INNER JOIN users ON users.id = posts.added_by
  ' at line 1 in /Users/winson.heng/server-php/system/Database/MySQLi/Connection.php:295
Stack trace:
#0 /Users/winson.heng/server-php/system/Database/MySQLi/Connection.php(295): mysqli->query('SELECT posts.*,...', 0)
#1 /Users/winson.heng/server-php/system/Database/BaseConnection.php(692): CodeIgniter\Database\MySQLi\Connection->execute('SELECT posts.*,...')
#2 /Users/winson.heng/server-php/system/Database/BaseConnection.php(606): CodeIgniter\Database\BaseConnection->simpleQuery('SELECT posts.*,...')
#3 /Users/winson.heng/server-php/app/Models/Api/PostModel.php(180): CodeIgniter\Database\BaseConnection->query('SELECT posts.*,...')
#4 /Users/winson.heng/server-php/app/Controllers/Api/Post.php(256): App\Models\Api\PostModel->getPostsForNewUsers('0', '100', '6')
#5 /Users/winson.heng/server-php/system/CodeIgniter.php(932): App\Controllers\Api\Post->getPost()
#6 /Users/winson.heng/server-php/system/CodeIgniter.php(497): CodeIgniter\CodeIgniter->runController(Object(App\Controllers\Api\Post))
#7 /Users/winson.heng/server-php/system/CodeIgniter.php(366): CodeIgniter\CodeIgniter->handleRequest(NULL, Object(Config\Cache), false)
#8 /Users/winson.heng/server-php/public/index.php(67): CodeIgniter\CodeIgniter->run()
#9 /Users/winson.heng/server-php/system/Commands/Server/rewrite.php(47): require_once('/Users/winson.h...')
#10 {main}
CRITICAL - 2024-04-08 13:01:16 --> You have an error in your SQL syntax; check the manual that corresponds to your MySQL server version for the right syntax to use near 'rank
        FROM posts
        INNER JOIN users ON users.id = posts.added_by
  ' at line 1
in SYSTEMPATH/Database/MySQLi/Connection.php on line 295.
 1 SYSTEMPATH/Database/MySQLi/Connection.php(295): mysqli->query('SELECT posts.*, RANK() OVER (PARTITION BY posts.added_by ORDER BY likes DESC) AS rank
        FROM posts
        INNER JOIN users ON users.id = posts.added_by
        LEFT JOIN blocked_users ON posts.added_by = blocked_users.user_id
        WHERE users.pronouns != \'HE\'
        AND blocked_users.user_id IS NULL
        AND deleted = 0
        AND likes > 0
        ORDER BY rank, likes DESC, RAND()', 0)
 2 SYSTEMPATH/Database/BaseConnection.php(692): CodeIgniter\Database\MySQLi\Connection->execute('SELECT posts.*, RANK() OVER (PARTITION BY posts.added_by ORDER BY likes DESC) AS rank
        FROM posts
        INNER JOIN users ON users.id = posts.added_by
        LEFT JOIN blocked_users ON posts.added_by = blocked_users.user_id
        WHERE users.pronouns != \'HE\'
        AND blocked_users.user_id IS NULL
        AND deleted = 0
        AND likes > 0
        ORDER BY rank, likes DESC, RAND()')
 3 SYSTEMPATH/Database/BaseConnection.php(606): CodeIgniter\Database\BaseConnection->simpleQuery('SELECT posts.*, RANK() OVER (PARTITION BY posts.added_by ORDER BY likes DESC) AS rank
        FROM posts
        INNER JOIN users ON users.id = posts.added_by
        LEFT JOIN blocked_users ON posts.added_by = blocked_users.user_id
        WHERE users.pronouns != \'HE\'
        AND blocked_users.user_id IS NULL
        AND deleted = 0
        AND likes > 0
        ORDER BY rank, likes DESC, RAND()')
 4 APPPATH/Models/Api/PostModel.php(180): CodeIgniter\Database\BaseConnection->query('SELECT posts.*, RANK() OVER (PARTITION BY posts.added_by ORDER BY likes DESC) AS rank
        FROM posts
        INNER JOIN users ON users.id = posts.added_by
        LEFT JOIN blocked_users ON posts.added_by = blocked_users.user_id
        WHERE users.pronouns != \'HE\'
        AND blocked_users.user_id IS NULL
        AND deleted = 0
        AND likes > 0
        ORDER BY rank, likes DESC, RAND()')
 5 APPPATH/Controllers/Api/Post.php(256): App\Models\Api\PostModel->getPostsForNewUsers('0', '100', '6')
 6 SYSTEMPATH/CodeIgniter.php(932): App\Controllers\Api\Post->getPost()
 7 SYSTEMPATH/CodeIgniter.php(497): CodeIgniter\CodeIgniter->runController(Object(App\Controllers\Api\Post))
 8 SYSTEMPATH/CodeIgniter.php(366): CodeIgniter\CodeIgniter->handleRequest(null, Object(Config\Cache), false)
 9 FCPATH/index.php(67): CodeIgniter\CodeIgniter->run()
10 SYSTEMPATH/Commands/Server/rewrite.php(47): require_once('/Users/winson.heng/server-php/public/index.php')
ERROR - 2024-04-08 13:01:38 --> mysqli_sql_exception: You have an error in your SQL syntax; check the manual that corresponds to your MySQL server version for the right syntax to use near 'rank
        FROM posts
        INNER JOIN users ON users.id = posts.added_by
  ' at line 1 in /Users/winson.heng/server-php/system/Database/MySQLi/Connection.php:295
Stack trace:
#0 /Users/winson.heng/server-php/system/Database/MySQLi/Connection.php(295): mysqli->query('SELECT posts.*,...', 0)
#1 /Users/winson.heng/server-php/system/Database/BaseConnection.php(692): CodeIgniter\Database\MySQLi\Connection->execute('SELECT posts.*,...')
#2 /Users/winson.heng/server-php/system/Database/BaseConnection.php(606): CodeIgniter\Database\BaseConnection->simpleQuery('SELECT posts.*,...')
#3 /Users/winson.heng/server-php/app/Models/Api/PostModel.php(180): CodeIgniter\Database\BaseConnection->query('SELECT posts.*,...')
#4 /Users/winson.heng/server-php/app/Controllers/Api/Post.php(256): App\Models\Api\PostModel->getPostsForNewUsers('0', '100', '6')
#5 /Users/winson.heng/server-php/system/CodeIgniter.php(932): App\Controllers\Api\Post->getPost()
#6 /Users/winson.heng/server-php/system/CodeIgniter.php(497): CodeIgniter\CodeIgniter->runController(Object(App\Controllers\Api\Post))
#7 /Users/winson.heng/server-php/system/CodeIgniter.php(366): CodeIgniter\CodeIgniter->handleRequest(NULL, Object(Config\Cache), false)
#8 /Users/winson.heng/server-php/public/index.php(67): CodeIgniter\CodeIgniter->run()
#9 /Users/winson.heng/server-php/system/Commands/Server/rewrite.php(47): require_once('/Users/winson.h...')
#10 {main}
CRITICAL - 2024-04-08 13:01:38 --> You have an error in your SQL syntax; check the manual that corresponds to your MySQL server version for the right syntax to use near 'rank
        FROM posts
        INNER JOIN users ON users.id = posts.added_by
  ' at line 1
in SYSTEMPATH/Database/MySQLi/Connection.php on line 295.
 1 SYSTEMPATH/Database/MySQLi/Connection.php(295): mysqli->query('SELECT posts.*, RANK() OVER (PARTITION BY posts.added_by ORDER BY likes DESC) AS rank
        FROM posts
        INNER JOIN users ON users.id = posts.added_by
        LEFT JOIN blocked_users ON posts.added_by = blocked_users.user_id
        WHERE users.pronouns != \'HE\'
        AND blocked_users.user_id IS NULL
        AND deleted = 0
        AND likes > 0
        ORDER BY rank, likes DESC, RAND()', 0)
 2 SYSTEMPATH/Database/BaseConnection.php(692): CodeIgniter\Database\MySQLi\Connection->execute('SELECT posts.*, RANK() OVER (PARTITION BY posts.added_by ORDER BY likes DESC) AS rank
        FROM posts
        INNER JOIN users ON users.id = posts.added_by
        LEFT JOIN blocked_users ON posts.added_by = blocked_users.user_id
        WHERE users.pronouns != \'HE\'
        AND blocked_users.user_id IS NULL
        AND deleted = 0
        AND likes > 0
        ORDER BY rank, likes DESC, RAND()')
 3 SYSTEMPATH/Database/BaseConnection.php(606): CodeIgniter\Database\BaseConnection->simpleQuery('SELECT posts.*, RANK() OVER (PARTITION BY posts.added_by ORDER BY likes DESC) AS rank
        FROM posts
        INNER JOIN users ON users.id = posts.added_by
        LEFT JOIN blocked_users ON posts.added_by = blocked_users.user_id
        WHERE users.pronouns != \'HE\'
        AND blocked_users.user_id IS NULL
        AND deleted = 0
        AND likes > 0
        ORDER BY rank, likes DESC, RAND()')
 4 APPPATH/Models/Api/PostModel.php(180): CodeIgniter\Database\BaseConnection->query('SELECT posts.*, RANK() OVER (PARTITION BY posts.added_by ORDER BY likes DESC) AS rank
        FROM posts
        INNER JOIN users ON users.id = posts.added_by
        LEFT JOIN blocked_users ON posts.added_by = blocked_users.user_id
        WHERE users.pronouns != \'HE\'
        AND blocked_users.user_id IS NULL
        AND deleted = 0
        AND likes > 0
        ORDER BY rank, likes DESC, RAND()')
 5 APPPATH/Controllers/Api/Post.php(256): App\Models\Api\PostModel->getPostsForNewUsers('0', '100', '6')
 6 SYSTEMPATH/CodeIgniter.php(932): App\Controllers\Api\Post->getPost()
 7 SYSTEMPATH/CodeIgniter.php(497): CodeIgniter\CodeIgniter->runController(Object(App\Controllers\Api\Post))
 8 SYSTEMPATH/CodeIgniter.php(366): CodeIgniter\CodeIgniter->handleRequest(null, Object(Config\Cache), false)
 9 FCPATH/index.php(67): CodeIgniter\CodeIgniter->run()
10 SYSTEMPATH/Commands/Server/rewrite.php(47): require_once('/Users/winson.heng/server-php/public/index.php')
ERROR - 2024-04-08 13:01:55 --> mysqli_sql_exception: You have an error in your SQL syntax; check the manual that corresponds to your MySQL server version for the right syntax to use near 'rank
        FROM posts
        INNER JOIN users ON users.id = posts.added_by
  ' at line 1 in /Users/winson.heng/server-php/system/Database/MySQLi/Connection.php:295
Stack trace:
#0 /Users/winson.heng/server-php/system/Database/MySQLi/Connection.php(295): mysqli->query('SELECT posts.*,...', 0)
#1 /Users/winson.heng/server-php/system/Database/BaseConnection.php(692): CodeIgniter\Database\MySQLi\Connection->execute('SELECT posts.*,...')
#2 /Users/winson.heng/server-php/system/Database/BaseConnection.php(606): CodeIgniter\Database\BaseConnection->simpleQuery('SELECT posts.*,...')
#3 /Users/winson.heng/server-php/app/Models/Api/PostModel.php(180): CodeIgniter\Database\BaseConnection->query('SELECT posts.*,...')
#4 /Users/winson.heng/server-php/app/Controllers/Api/Post.php(256): App\Models\Api\PostModel->getPostsForNewUsers('0', '100', '6')
#5 /Users/winson.heng/server-php/system/CodeIgniter.php(932): App\Controllers\Api\Post->getPost()
#6 /Users/winson.heng/server-php/system/CodeIgniter.php(497): CodeIgniter\CodeIgniter->runController(Object(App\Controllers\Api\Post))
#7 /Users/winson.heng/server-php/system/CodeIgniter.php(366): CodeIgniter\CodeIgniter->handleRequest(NULL, Object(Config\Cache), false)
#8 /Users/winson.heng/server-php/public/index.php(67): CodeIgniter\CodeIgniter->run()
#9 /Users/winson.heng/server-php/system/Commands/Server/rewrite.php(47): require_once('/Users/winson.h...')
#10 {main}
CRITICAL - 2024-04-08 13:01:55 --> You have an error in your SQL syntax; check the manual that corresponds to your MySQL server version for the right syntax to use near 'rank
        FROM posts
        INNER JOIN users ON users.id = posts.added_by
  ' at line 1
in SYSTEMPATH/Database/MySQLi/Connection.php on line 295.
 1 SYSTEMPATH/Database/MySQLi/Connection.php(295): mysqli->query('SELECT posts.*, RANK() OVER (PARTITION BY posts.added_by ORDER BY likes DESC) AS rank
        FROM posts
        INNER JOIN users ON users.id = posts.added_by
        LEFT JOIN blocked_users ON posts.added_by = blocked_users.user_id
        WHERE users.pronouns != \'HE\'
        AND blocked_users.user_id IS NULL
        AND deleted = 0
        AND likes > 0
        ORDER BY rank, likes DESC, RAND()', 0)
 2 SYSTEMPATH/Database/BaseConnection.php(692): CodeIgniter\Database\MySQLi\Connection->execute('SELECT posts.*, RANK() OVER (PARTITION BY posts.added_by ORDER BY likes DESC) AS rank
        FROM posts
        INNER JOIN users ON users.id = posts.added_by
        LEFT JOIN blocked_users ON posts.added_by = blocked_users.user_id
        WHERE users.pronouns != \'HE\'
        AND blocked_users.user_id IS NULL
        AND deleted = 0
        AND likes > 0
        ORDER BY rank, likes DESC, RAND()')
 3 SYSTEMPATH/Database/BaseConnection.php(606): CodeIgniter\Database\BaseConnection->simpleQuery('SELECT posts.*, RANK() OVER (PARTITION BY posts.added_by ORDER BY likes DESC) AS rank
        FROM posts
        INNER JOIN users ON users.id = posts.added_by
        LEFT JOIN blocked_users ON posts.added_by = blocked_users.user_id
        WHERE users.pronouns != \'HE\'
        AND blocked_users.user_id IS NULL
        AND deleted = 0
        AND likes > 0
        ORDER BY rank, likes DESC, RAND()')
 4 APPPATH/Models/Api/PostModel.php(180): CodeIgniter\Database\BaseConnection->query('SELECT posts.*, RANK() OVER (PARTITION BY posts.added_by ORDER BY likes DESC) AS rank
        FROM posts
        INNER JOIN users ON users.id = posts.added_by
        LEFT JOIN blocked_users ON posts.added_by = blocked_users.user_id
        WHERE users.pronouns != \'HE\'
        AND blocked_users.user_id IS NULL
        AND deleted = 0
        AND likes > 0
        ORDER BY rank, likes DESC, RAND()')
 5 APPPATH/Controllers/Api/Post.php(256): App\Models\Api\PostModel->getPostsForNewUsers('0', '100', '6')
 6 SYSTEMPATH/CodeIgniter.php(932): App\Controllers\Api\Post->getPost()
 7 SYSTEMPATH/CodeIgniter.php(497): CodeIgniter\CodeIgniter->runController(Object(App\Controllers\Api\Post))
 8 SYSTEMPATH/CodeIgniter.php(366): CodeIgniter\CodeIgniter->handleRequest(null, Object(Config\Cache), false)
 9 FCPATH/index.php(67): CodeIgniter\CodeIgniter->run()
10 SYSTEMPATH/Commands/Server/rewrite.php(47): require_once('/Users/winson.heng/server-php/public/index.php')
